This is pdfTeX, Version 3.14159265-2.6-1.40.17 (MiKTeX 2.9.6100 64-bit) (preloaded format=pdflatex 2016.11.15)  15 NOV 2016 22:40
entering extended mode
**./dukumentation.tex
(dukumentation.tex
LaTeX2e <2016/03/31> patch level 3
Babel <3.9r> and hyphenation patterns for 72 language(s) loaded.

("C:\Users\Jonas\AppData\Local\Programs\MiKTeX 2.9\tex\latex\koma-script\scrboo
k.cls"
Document Class: scrbook 2016/06/14 v3.21 KOMA-Script document class (book)

("C:\Users\Jonas\AppData\Local\Programs\MiKTeX 2.9\tex\latex\koma-script\scrkba
se.sty"
Package: scrkbase 2016/06/14 v3.21 KOMA-Script package (KOMA-Script-dependent b
asics and keyval usage)

("C:\Users\Jonas\AppData\Local\Programs\MiKTeX 2.9\tex\latex\koma-script\scrbas
e.sty"
Package: scrbase 2016/06/14 v3.21 KOMA-Script package (KOMA-Script-independent 
basics and keyval usage)

("C:\Users\Jonas\AppData\Local\Programs\MiKTeX 2.9\tex\latex\graphics\keyval.st
y"
Package: keyval 2014/10/28 v1.15 key=value parser (DPC)
\KV@toks@=\toks14
)
("C:\Users\Jonas\AppData\Local\Programs\MiKTeX 2.9\tex\latex\koma-script\scrlfi
le.sty"
Package: scrlfile 2016/06/14 v3.21 KOMA-Script package (loading files)

Package scrlfile, 2016/06/14 v3.21 KOMA-Script package (loading files)
                  Copyright (C) Markus Kohm

)))
("C:\Users\Jonas\AppData\Local\Programs\MiKTeX 2.9\tex\latex\koma-script\tocbas
ic.sty"
Package: tocbasic 2016/06/14 v3.21 KOMA-Script package (handling toc-files)
\scr@dte@tocline@numberwidth=\skip41
\scr@dte@tocline@numbox=\box26
)
Package tocbasic Info: omitting babel extension for `toc'
(tocbasic)             because of feature `nobabel' available
(tocbasic)             for `toc' on input line 132.
Package tocbasic Info: omitting babel extension for `lof'
(tocbasic)             because of feature `nobabel' available
(tocbasic)             for `lof' on input line 133.
Package tocbasic Info: omitting babel extension for `lot'
(tocbasic)             because of feature `nobabel' available
(tocbasic)             for `lot' on input line 134.
Package tocbasic Info: defining new hook before heading of `' on input line 160
2.
Package scrbook Info: You've used standard option `10pt'.
(scrbook)             This is correct!
(scrbook)             Internally I'm using `fontsize=10pt'.
(scrbook)             If you'd like to set the option with \KOMAoptions,
(scrbook)             you'd have to use `fontsize=10pt' there
(scrbook)             instead of `10pt', too.
Class scrbook Info: You've used standard option `openright'.
(scrbook)           This is correct!
(scrbook)           Internally I'm using `open=right'.
(scrbook)           If you'd like to set the option with \KOMAoptions,
(scrbook)           you'd have to use `open=right' there
(scrbook)           instead of `openright', too.
Class scrbook Info: File `scrsize10pt.clo' used to setup font sizes on input li
ne 2269.

("C:\Users\Jonas\AppData\Local\Programs\MiKTeX 2.9\tex\latex\koma-script\scrsiz
e10pt.clo"
File: scrsize10pt.clo 2016/06/14 v3.21 KOMA-Script font size class option (10pt
)
)
("C:\Users\Jonas\AppData\Local\Programs\MiKTeX 2.9\tex\latex\koma-script\typear
ea.sty"
Package: typearea 2016/06/14 v3.21 KOMA-Script package (type area)

Package typearea, 2016/06/14 v3.21 KOMA-Script package (type area)
                  Copyright (C) Frank Neukam, 1992-1994
                  Copyright (C) Markus Kohm, 1994-

\ta@bcor=\skip42
\ta@div=\count79
Package typearea Info: You've used standard option `a4paper'.
(typearea)             This is correct!
(typearea)             Internally I'm using `paper=a4'.
(typearea)             If you'd like to set the option with \KOMAoptions,
(typearea)             you'd have to use `paper=a4' there
(typearea)             instead of `a4paper', too.
\ta@hblk=\skip43
\ta@vblk=\skip44
\ta@temp=\skip45
\footheight=\skip46
Package typearea Info: These are the values describing the layout:
(typearea)             DIV  = 9
(typearea)             BCOR = 91.04881pt
(typearea)             \paperwidth      = 597.50793pt
(typearea)              \textwidth      = 337.63945pt
(typearea)              DIV departure   = 0%
(typearea)              \evensidemargin = 40.27646pt
(typearea)              \oddsidemargin  = 75.05205pt
(typearea)             \paperheight     = 845.04694pt
(typearea)              \textheight     = 574.0pt
(typearea)              \topmargin      = -11.37589pt
(typearea)              \headheight     = 15.0pt
(typearea)              \headsep        = 18.0pt
(typearea)              \topskip        = 10.0pt
(typearea)              \footskip       = 42.0pt
(typearea)              \baselineskip   = 12.0pt
(typearea)              on input line 1529.
)
\c@part=\count80
\c@chapter=\count81
\c@section=\count82
\c@subsection=\count83
\c@subsubsection=\count84
\c@paragraph=\count85
\c@subparagraph=\count86
\scr@dte@part@maxnumwidth=\skip47
\scr@dte@chapter@maxnumwidth=\skip48
\scr@dte@section@maxnumwidth=\skip49
\scr@dte@subsection@maxnumwidth=\skip50
\scr@dte@subsubsection@maxnumwidth=\skip51
\scr@dte@paragraph@maxnumwidth=\skip52
\scr@dte@subparagraph@maxnumwidth=\skip53
LaTeX Info: Redefining \textsubscript on input line 4782.
\abovecaptionskip=\skip54
\belowcaptionskip=\skip55
\c@pti@nb@sid@b@x=\box27
\c@figure=\count87
\c@table=\count88
Class scrbook Info: Redefining `\numberline' on input line 5813.
\bibindent=\dimen102
)
("C:\Users\Jonas\AppData\Local\Programs\MiKTeX 2.9\tex\latex\base\inputenc.sty"
Package: inputenc 2015/03/17 v1.2c Input encoding file
\inpenc@prehook=\toks15
\inpenc@posthook=\toks16
("C:\Users\Jonas\AppData\Local\Programs\MiKTeX 2.9\tex\latex\base\utf8.def"
File: utf8.def 2016/02/28 v1.1s UTF-8 support for inputenc
Now handling font encoding OML ...
... no UTF-8 mapping file for font encoding OML
Now handling font encoding T1 ...
... processing UTF-8 mapping file for font encoding T1

("C:\Users\Jonas\AppData\Local\Programs\MiKTeX 2.9\tex\latex\base\t1enc.dfu"
File: t1enc.dfu 2016/02/28 v1.1s UTF-8 support for inputenc
   defining Unicode char U+00A0 (decimal 160)
   defining Unicode char U+00A1 (decimal 161)
   defining Unicode char U+00A3 (decimal 163)
   defining Unicode char U+00AB (decimal 171)
   defining Unicode char U+00AD (decimal 173)
   defining Unicode char U+00BB (decimal 187)
   defining Unicode char U+00BF (decimal 191)
   defining Unicode char U+00C0 (decimal 192)
   defining Unicode char U+00C1 (decimal 193)
   defining Unicode char U+00C2 (decimal 194)
   defining Unicode char U+00C3 (decimal 195)
   defining Unicode char U+00C4 (decimal 196)
   defining Unicode char U+00C5 (decimal 197)
   defining Unicode char U+00C6 (decimal 198)
   defining Unicode char U+00C7 (decimal 199)
   defining Unicode char U+00C8 (decimal 200)
   defining Unicode char U+00C9 (decimal 201)
   defining Unicode char U+00CA (decimal 202)
   defining Unicode char U+00CB (decimal 203)
   defining Unicode char U+00CC (decimal 204)
   defining Unicode char U+00CD (decimal 205)
   defining Unicode char U+00CE (decimal 206)
   defining Unicode char U+00CF (decimal 207)
   defining Unicode char U+00D0 (decimal 208)
   defining Unicode char U+00D1 (decimal 209)
   defining Unicode char U+00D2 (decimal 210)
   defining Unicode char U+00D3 (decimal 211)
   defining Unicode char U+00D4 (decimal 212)
   defining Unicode char U+00D5 (decimal 213)
   defining Unicode char U+00D6 (decimal 214)
   defining Unicode char U+00D8 (decimal 216)
   defining Unicode char U+00D9 (decimal 217)
   defining Unicode char U+00DA (decimal 218)
   defining Unicode char U+00DB (decimal 219)
   defining Unicode char U+00DC (decimal 220)
   defining Unicode char U+00DD (decimal 221)
   defining Unicode char U+00DE (decimal 222)
   defining Unicode char U+00DF (decimal 223)
   defining Unicode char U+00E0 (decimal 224)
   defining Unicode char U+00E1 (decimal 225)
   defining Unicode char U+00E2 (decimal 226)
   defining Unicode char U+00E3 (decimal 227)
   defining Unicode char U+00E4 (decimal 228)
   defining Unicode char U+00E5 (decimal 229)
   defining Unicode char U+00E6 (decimal 230)
   defining Unicode char U+00E7 (decimal 231)
   defining Unicode char U+00E8 (decimal 232)
   defining Unicode char U+00E9 (decimal 233)
   defining Unicode char U+00EA (decimal 234)
   defining Unicode char U+00EB (decimal 235)
   defining Unicode char U+00EC (decimal 236)
   defining Unicode char U+00ED (decimal 237)
   defining Unicode char U+00EE (decimal 238)
   defining Unicode char U+00EF (decimal 239)
   defining Unicode char U+00F0 (decimal 240)
   defining Unicode char U+00F1 (decimal 241)
   defining Unicode char U+00F2 (decimal 242)
   defining Unicode char U+00F3 (decimal 243)
   defining Unicode char U+00F4 (decimal 244)
   defining Unicode char U+00F5 (decimal 245)
   defining Unicode char U+00F6 (decimal 246)
   defining Unicode char U+00F8 (decimal 248)
   defining Unicode char U+00F9 (decimal 249)
   defining Unicode char U+00FA (decimal 250)
   defining Unicode char U+00FB (decimal 251)
   defining Unicode char U+00FC (decimal 252)
   defining Unicode char U+00FD (decimal 253)
   defining Unicode char U+00FE (decimal 254)
   defining Unicode char U+00FF (decimal 255)
   defining Unicode char U+0100 (decimal 256)
   defining Unicode char U+0101 (decimal 257)
   defining Unicode char U+0102 (decimal 258)
   defining Unicode char U+0103 (decimal 259)
   defining Unicode char U+0104 (decimal 260)
   defining Unicode char U+0105 (decimal 261)
   defining Unicode char U+0106 (decimal 262)
   defining Unicode char U+0107 (decimal 263)
   defining Unicode char U+0108 (decimal 264)
   defining Unicode char U+0109 (decimal 265)
   defining Unicode char U+010A (decimal 266)
   defining Unicode char U+010B (decimal 267)
   defining Unicode char U+010C (decimal 268)
   defining Unicode char U+010D (decimal 269)
   defining Unicode char U+010E (decimal 270)
   defining Unicode char U+010F (decimal 271)
   defining Unicode char U+0110 (decimal 272)
   defining Unicode char U+0111 (decimal 273)
   defining Unicode char U+0112 (decimal 274)
   defining Unicode char U+0113 (decimal 275)
   defining Unicode char U+0114 (decimal 276)
   defining Unicode char U+0115 (decimal 277)
   defining Unicode char U+0116 (decimal 278)
   defining Unicode char U+0117 (decimal 279)
   defining Unicode char U+0118 (decimal 280)
   defining Unicode char U+0119 (decimal 281)
   defining Unicode char U+011A (decimal 282)
   defining Unicode char U+011B (decimal 283)
   defining Unicode char U+011C (decimal 284)
   defining Unicode char U+011D (decimal 285)
   defining Unicode char U+011E (decimal 286)
   defining Unicode char U+011F (decimal 287)
   defining Unicode char U+0120 (decimal 288)
   defining Unicode char U+0121 (decimal 289)
   defining Unicode char U+0122 (decimal 290)
   defining Unicode char U+0123 (decimal 291)
   defining Unicode char U+0124 (decimal 292)
   defining Unicode char U+0125 (decimal 293)
   defining Unicode char U+0128 (decimal 296)
   defining Unicode char U+0129 (decimal 297)
   defining Unicode char U+012A (decimal 298)
   defining Unicode char U+012B (decimal 299)
   defining Unicode char U+012C (decimal 300)
   defining Unicode char U+012D (decimal 301)
   defining Unicode char U+012E (decimal 302)
   defining Unicode char U+012F (decimal 303)
   defining Unicode char U+0130 (decimal 304)
   defining Unicode char U+0131 (decimal 305)
   defining Unicode char U+0132 (decimal 306)
   defining Unicode char U+0133 (decimal 307)
   defining Unicode char U+0134 (decimal 308)
   defining Unicode char U+0135 (decimal 309)
   defining Unicode char U+0136 (decimal 310)
   defining Unicode char U+0137 (decimal 311)
   defining Unicode char U+0139 (decimal 313)
   defining Unicode char U+013A (decimal 314)
   defining Unicode char U+013B (decimal 315)
   defining Unicode char U+013C (decimal 316)
   defining Unicode char U+013D (decimal 317)
   defining Unicode char U+013E (decimal 318)
   defining Unicode char U+0141 (decimal 321)
   defining Unicode char U+0142 (decimal 322)
   defining Unicode char U+0143 (decimal 323)
   defining Unicode char U+0144 (decimal 324)
   defining Unicode char U+0145 (decimal 325)
   defining Unicode char U+0146 (decimal 326)
   defining Unicode char U+0147 (decimal 327)
   defining Unicode char U+0148 (decimal 328)
   defining Unicode char U+014A (decimal 330)
   defining Unicode char U+014B (decimal 331)
   defining Unicode char U+014C (decimal 332)
   defining Unicode char U+014D (decimal 333)
   defining Unicode char U+014E (decimal 334)
   defining Unicode char U+014F (decimal 335)
   defining Unicode char U+0150 (decimal 336)
   defining Unicode char U+0151 (decimal 337)
   defining Unicode char U+0152 (decimal 338)
   defining Unicode char U+0153 (decimal 339)
   defining Unicode char U+0154 (decimal 340)
   defining Unicode char U+0155 (decimal 341)
   defining Unicode char U+0156 (decimal 342)
   defining Unicode char U+0157 (decimal 343)
   defining Unicode char U+0158 (decimal 344)
   defining Unicode char U+0159 (decimal 345)
   defining Unicode char U+015A (decimal 346)
   defining Unicode char U+015B (decimal 347)
   defining Unicode char U+015C (decimal 348)
   defining Unicode char U+015D (decimal 349)
   defining Unicode char U+015E (decimal 350)
   defining Unicode char U+015F (decimal 351)
   defining Unicode char U+0160 (decimal 352)
   defining Unicode char U+0161 (decimal 353)
   defining Unicode char U+0162 (decimal 354)
   defining Unicode char U+0163 (decimal 355)
   defining Unicode char U+0164 (decimal 356)
   defining Unicode char U+0165 (decimal 357)
   defining Unicode char U+0168 (decimal 360)
   defining Unicode char U+0169 (decimal 361)
   defining Unicode char U+016A (decimal 362)
   defining Unicode char U+016B (decimal 363)
   defining Unicode char U+016C (decimal 364)
   defining Unicode char U+016D (decimal 365)
   defining Unicode char U+016E (decimal 366)
   defining Unicode char U+016F (decimal 367)
   defining Unicode char U+0170 (decimal 368)
   defining Unicode char U+0171 (decimal 369)
   defining Unicode char U+0172 (decimal 370)
   defining Unicode char U+0173 (decimal 371)
   defining Unicode char U+0174 (decimal 372)
   defining Unicode char U+0175 (decimal 373)
   defining Unicode char U+0176 (decimal 374)
   defining Unicode char U+0177 (decimal 375)
   defining Unicode char U+0178 (decimal 376)
   defining Unicode char U+0179 (decimal 377)
   defining Unicode char U+017A (decimal 378)
   defining Unicode char U+017B (decimal 379)
   defining Unicode char U+017C (decimal 380)
   defining Unicode char U+017D (decimal 381)
   defining Unicode char U+017E (decimal 382)
   defining Unicode char U+01CD (decimal 461)
   defining Unicode char U+01CE (decimal 462)
   defining Unicode char U+01CF (decimal 463)
   defining Unicode char U+01D0 (decimal 464)
   defining Unicode char U+01D1 (decimal 465)
   defining Unicode char U+01D2 (decimal 466)
   defining Unicode char U+01D3 (decimal 467)
   defining Unicode char U+01D4 (decimal 468)
   defining Unicode char U+01E2 (decimal 482)
   defining Unicode char U+01E3 (decimal 483)
   defining Unicode char U+01E6 (decimal 486)
   defining Unicode char U+01E7 (decimal 487)
   defining Unicode char U+01E8 (decimal 488)
   defining Unicode char U+01E9 (decimal 489)
   defining Unicode char U+01EA (decimal 490)
   defining Unicode char U+01EB (decimal 491)
   defining Unicode char U+01F0 (decimal 496)
   defining Unicode char U+01F4 (decimal 500)
   defining Unicode char U+01F5 (decimal 501)
   defining Unicode char U+0218 (decimal 536)
   defining Unicode char U+0219 (decimal 537)
   defining Unicode char U+021A (decimal 538)
   defining Unicode char U+021B (decimal 539)
   defining Unicode char U+1E02 (decimal 7682)
   defining Unicode char U+1E03 (decimal 7683)
   defining Unicode char U+200C (decimal 8204)
   defining Unicode char U+2010 (decimal 8208)
   defining Unicode char U+2011 (decimal 8209)
   defining Unicode char U+2012 (decimal 8210)
   defining Unicode char U+2013 (decimal 8211)
   defining Unicode char U+2014 (decimal 8212)
   defining Unicode char U+2015 (decimal 8213)
   defining Unicode char U+2018 (decimal 8216)
   defining Unicode char U+2019 (decimal 8217)
   defining Unicode char U+201A (decimal 8218)
   defining Unicode char U+201C (decimal 8220)
   defining Unicode char U+201D (decimal 8221)
   defining Unicode char U+201E (decimal 8222)
   defining Unicode char U+2030 (decimal 8240)
   defining Unicode char U+2031 (decimal 8241)
   defining Unicode char U+2039 (decimal 8249)
   defining Unicode char U+203A (decimal 8250)
   defining Unicode char U+2423 (decimal 9251)
)
Now handling font encoding OT1 ...
... processing UTF-8 mapping file for font encoding OT1

("C:\Users\Jonas\AppData\Local\Programs\MiKTeX 2.9\tex\latex\base\ot1enc.dfu"
File: ot1enc.dfu 2016/02/28 v1.1s UTF-8 support for inputenc
   defining Unicode char U+00A0 (decimal 160)
   defining Unicode char U+00A1 (decimal 161)
   defining Unicode char U+00A3 (decimal 163)
   defining Unicode char U+00AD (decimal 173)
   defining Unicode char U+00B8 (decimal 184)
   defining Unicode char U+00BF (decimal 191)
   defining Unicode char U+00C5 (decimal 197)
   defining Unicode char U+00C6 (decimal 198)
   defining Unicode char U+00D8 (decimal 216)
   defining Unicode char U+00DF (decimal 223)
   defining Unicode char U+00E6 (decimal 230)
   defining Unicode char U+00EC (decimal 236)
   defining Unicode char U+00ED (decimal 237)
   defining Unicode char U+00EE (decimal 238)
   defining Unicode char U+00EF (decimal 239)
   defining Unicode char U+00F8 (decimal 248)
   defining Unicode char U+0131 (decimal 305)
   defining Unicode char U+0141 (decimal 321)
   defining Unicode char U+0142 (decimal 322)
   defining Unicode char U+0152 (decimal 338)
   defining Unicode char U+0153 (decimal 339)
   defining Unicode char U+0174 (decimal 372)
   defining Unicode char U+0175 (decimal 373)
   defining Unicode char U+0176 (decimal 374)
   defining Unicode char U+0177 (decimal 375)
   defining Unicode char U+0218 (decimal 536)
   defining Unicode char U+0219 (decimal 537)
   defining Unicode char U+021A (decimal 538)
   defining Unicode char U+021B (decimal 539)
   defining Unicode char U+2013 (decimal 8211)
   defining Unicode char U+2014 (decimal 8212)
   defining Unicode char U+2018 (decimal 8216)
   defining Unicode char U+2019 (decimal 8217)
   defining Unicode char U+201C (decimal 8220)
   defining Unicode char U+201D (decimal 8221)
)
Now handling font encoding OMS ...
... processing UTF-8 mapping file for font encoding OMS

("C:\Users\Jonas\AppData\Local\Programs\MiKTeX 2.9\tex\latex\base\omsenc.dfu"
File: omsenc.dfu 2016/02/28 v1.1s UTF-8 support for inputenc
   defining Unicode char U+00A7 (decimal 167)
   defining Unicode char U+00B6 (decimal 182)
   defining Unicode char U+00B7 (decimal 183)
   defining Unicode char U+2020 (decimal 8224)
   defining Unicode char U+2021 (decimal 8225)
   defining Unicode char U+2022 (decimal 8226)
)
Now handling font encoding OMX ...
... no UTF-8 mapping file for font encoding OMX
Now handling font encoding U ...
... no UTF-8 mapping file for font encoding U
   defining Unicode char U+00A9 (decimal 169)
   defining Unicode char U+00AA (decimal 170)
   defining Unicode char U+00AE (decimal 174)
   defining Unicode char U+00BA (decimal 186)
   defining Unicode char U+02C6 (decimal 710)
   defining Unicode char U+02DC (decimal 732)
   defining Unicode char U+200C (decimal 8204)
   defining Unicode char U+2026 (decimal 8230)
   defining Unicode char U+2122 (decimal 8482)
   defining Unicode char U+2423 (decimal 9251)
)) ("C:\Users\Jonas\AppData\Local\Programs\MiKTeX 2.9\tex\latex\base\fontenc.st
y"
Package: fontenc 2016/06/19 v1.99m Standard LaTeX package
 ("C:\Users\Jonas\AppData\Local\Programs\MiKTeX 2.9\tex\latex\base\t1enc.def"
File: t1enc.def 2016/06/19 v1.99m Standard LaTeX file
LaTeX Font Info:    Redeclaring font encoding T1 on input line 48.
)) ("C:\Users\Jonas\AppData\Local\Programs\MiKTeX 2.9\tex\generic\babel\babel.s
ty"
Package: babel 2016/04/23 3.9r The Babel package

*************************************
* Local config file bblopts.cfg used
*
("C:\Users\Jonas\AppData\Local\Programs\MiKTeX 2.9\tex\latex\arabi\bblopts.cfg"
File: bblopts.cfg 2005/09/08 v0.1 add Arabic and Farsi to "declared" options of
 babel
)
("C:\Users\Jonas\AppData\Local\Programs\MiKTeX 2.9\tex\latex\babel-german\ngerm
an.ldf"
Language: ngerman 2016/11/02 v2.9 German support for babel (new orthography)

("C:\Users\Jonas\AppData\Local\Programs\MiKTeX 2.9\tex\latex\babel-german\ngerm
anb.ldf"
Language: ngermanb 2016/11/02 v2.9 German support for babel (new orthography)

("C:\Users\Jonas\AppData\Local\Programs\MiKTeX 2.9\tex\generic\babel\babel.def"
File: babel.def 2016/04/23 3.9r Babel common definitions
\babel@savecnt=\count89
\U@D=\dimen103
)
Package babel Info: Making " an active character on input line 125.
)))
("C:\Users\Jonas\AppData\Local\Programs\MiKTeX 2.9\tex\latex\csquotes\csquotes.
sty"
Package: csquotes 2016/07/14 v5.1h context-sensitive quotations (JAW)

("C:\Users\Jonas\AppData\Local\Programs\MiKTeX 2.9\tex\latex\etoolbox\etoolbox.
sty"
Package: etoolbox 2015/08/02 v2.2a e-TeX tools for LaTeX (JAW)
\etb@tempcnta=\count90
)
\csq@reset=\count91
\csq@gtype=\count92
\csq@glevel=\count93
\csq@qlevel=\count94
\csq@maxlvl=\count95
\csq@tshold=\count96
\csq@ltx@everypar=\toks17

("C:\Users\Jonas\AppData\Local\Programs\MiKTeX 2.9\tex\latex\csquotes\csquotes.
def"
File: csquotes.def 2016/07/14 v5.1h csquotes generic definitions (JAW)
)
Package csquotes Info: Trying to load configuration file 'csquotes.cfg'...
Package csquotes Info: ... configuration file loaded successfully.

("C:\Users\Jonas\AppData\Local\Programs\MiKTeX 2.9\tex\latex\csquotes\csquotes.
cfg"
File: csquotes.cfg 
)
Package csquotes Info: Option 'babel' depreciated.
(csquotes)             Using 'autostyle'.
Package csquotes Info: Enabling multilingual quotes.
Package csquotes Info: Redefining alias 'german' -> 'german/quotes'.
)
("C:\Users\Jonas\AppData\Local\Programs\MiKTeX 2.9\tex\latex\koma-script\scrhac
k.sty"
Package: scrhack 2016/06/14 v3.21 KOMA-Script package 

("C:\Users\Jonas\AppData\Local\Programs\MiKTeX 2.9\tex\latex\xpatch\xpatch.sty"
("C:\Users\Jonas\AppData\Local\Programs\MiKTeX 2.9\tex\latex\l3kernel\expl3.sty
"
Package: expl3 2016/10/19 v6730 L3 programming layer (loader) 

("C:\Users\Jonas\AppData\Local\Programs\MiKTeX 2.9\tex\latex\l3kernel\expl3-cod
e.tex"
Package: expl3 2016/10/19 v6730 L3 programming layer (code)
L3 Module: l3bootstrap 2016/06/13 v6596 L3 Bootstrap code
L3 Module: l3names 2016/10/13 v6722 L3 Namespace for primitives
L3 Module: l3basics 2016/09/01 v6696 L3 Basic definitions
L3 Module: l3expan 2016/08/19 v6684 L3 Argument expansion
L3 Module: l3tl 2016/08/19 v6692 L3 Token lists
L3 Module: l3str 2016/08/19 v6692 L3 Strings
L3 Module: l3seq 2016/08/19 v6685 L3 Sequences and stacks
L3 Module: l3int 2016/09/07 v6700 L3 Integers
\c_max_int=\count97
\l_tmpa_int=\count98
\l_tmpb_int=\count99
\g_tmpa_int=\count100
\g_tmpb_int=\count101
L3 Module: l3quark 2016/08/19 v6685 L3 Quarks
L3 Module: l3prg 2016/08/18 v6679 L3 Control structures
\g__prg_map_int=\count102
L3 Module: l3clist 2016/08/19 v6685 L3 Comma separated lists
L3 Module: l3token 2016/09/01 v6695 L3 Experimental token manipulation
L3 Module: l3prop 2016/08/19 v6685 L3 Property lists
L3 Module: l3msg 2016/08/19 v6691 L3 Messages
L3 Module: l3file 2016/08/19 v6685 L3 File and I/O operations
\l_iow_line_count_int=\count103
\l__iow_target_count_int=\count104
\l__iow_current_line_int=\count105
\l__iow_current_word_int=\count106
\l__iow_current_indentation_int=\count107
L3 Module: l3skip 2016/08/19 v6692 L3 Dimensions and skips
\c_zero_dim=\dimen104
\c_max_dim=\dimen105
\l_tmpa_dim=\dimen106
\l_tmpb_dim=\dimen107
\g_tmpa_dim=\dimen108
\g_tmpb_dim=\dimen109
\c_zero_skip=\skip56
\c_max_skip=\skip57
\l_tmpa_skip=\skip58
\l_tmpb_skip=\skip59
\g_tmpa_skip=\skip60
\g_tmpb_skip=\skip61
\c_zero_muskip=\muskip10
\c_max_muskip=\muskip11
\l_tmpa_muskip=\muskip12
\l_tmpb_muskip=\muskip13
\g_tmpa_muskip=\muskip14
\g_tmpb_muskip=\muskip15
L3 Module: l3keys 2016/09/21 v6711 L3 Key-value interfaces
\l_keys_choice_int=\count108
L3 Module: l3fp 2016/08/19 v6685 L3 Floating points
\c__fp_leading_shift_int=\count109
\c__fp_middle_shift_int=\count110
\c__fp_trailing_shift_int=\count111
\c__fp_big_leading_shift_int=\count112
\c__fp_big_middle_shift_int=\count113
\c__fp_big_trailing_shift_int=\count114
\c__fp_Bigg_leading_shift_int=\count115
\c__fp_Bigg_middle_shift_int=\count116
\c__fp_Bigg_trailing_shift_int=\count117
L3 Module: l3box 2016/08/19 v6685 L3 Experimental boxes
\c_empty_box=\box28
\l_tmpa_box=\box29
\l_tmpb_box=\box30
\g_tmpa_box=\box31
\g_tmpb_box=\box32
L3 Module: l3coffins 2016/08/19 v6685 L3 Coffin code layer
\l__coffin_internal_box=\box33
\l__coffin_internal_dim=\dimen110
\l__coffin_offset_x_dim=\dimen111
\l__coffin_offset_y_dim=\dimen112
\l__coffin_x_dim=\dimen113
\l__coffin_y_dim=\dimen114
\l__coffin_x_prime_dim=\dimen115
\l__coffin_y_prime_dim=\dimen116
\c_empty_coffin=\box34
\l__coffin_aligned_coffin=\box35
\l__coffin_aligned_internal_coffin=\box36
\l_tmpa_coffin=\box37
\l_tmpb_coffin=\box38
\l__coffin_display_coffin=\box39
\l__coffin_display_coord_coffin=\box40
\l__coffin_display_pole_coffin=\box41
\l__coffin_display_offset_dim=\dimen117
\l__coffin_display_x_dim=\dimen118
\l__coffin_display_y_dim=\dimen119
L3 Module: l3color 2016/06/13 v6596 L3 Experimental color support
L3 Module: l3sys 2015/09/25 v6087 L3 Experimental system/runtime functions
L3 Module: l3candidates 2016/08/19 v6688 L3 Experimental additions to l3kernel
\l__box_top_dim=\dimen120
\l__box_bottom_dim=\dimen121
\l__box_left_dim=\dimen122
\l__box_right_dim=\dimen123
\l__box_top_new_dim=\dimen124
\l__box_bottom_new_dim=\dimen125
\l__box_left_new_dim=\dimen126
\l__box_right_new_dim=\dimen127
\l__box_internal_box=\box42
\l__coffin_bounding_shift_dim=\dimen128
\l__coffin_left_corner_dim=\dimen129
\l__coffin_right_corner_dim=\dimen130
\l__coffin_bottom_corner_dim=\dimen131
\l__coffin_top_corner_dim=\dimen132
\l__coffin_scaled_total_height_dim=\dimen133
\l__coffin_scaled_width_dim=\dimen134
L3 Module: l3luatex 2016/08/18 v6679 L3 Experimental LuaTeX-specific functions
)
("C:\Users\Jonas\AppData\Local\Programs\MiKTeX 2.9\tex\latex\l3kernel\l3pdfmode
.def"
File: l3pdfmode.def 2016/08/18 v6679 L3 Experimental driver: PDF mode
\l__driver_color_stack_int=\count118
\l__driver_tmp_box=\box43
))
Package: xpatch 2012/10/02 v0.3 Extending etoolbox patching commands

("C:\Users\Jonas\AppData\Local\Programs\MiKTeX 2.9\tex\latex\l3packages\xparse\
xparse.sty"
Package: xparse 2016/10/19 v6730 L3 Experimental document command parser
\l__xparse_current_arg_int=\count119
\l__xparse_m_args_int=\count120
\l__xparse_mandatory_args_int=\count121
\l__xparse_processor_int=\count122
\l__xparse_v_nesting_int=\count123
)
.................................................
. LaTeX info: "xparse/define-command"
. 
. Defining command \xpatchcmd with sig. '' on line 125.
.................................................
.................................................
. LaTeX info: "xparse/define-command"
. 
. Defining command \xpretocmd with sig. '' on line 126.
.................................................
.................................................
. LaTeX info: "xparse/define-command"
. 
. Defining command \xapptocmd with sig. '' on line 127.
.................................................
.................................................
. LaTeX info: "xparse/define-command"
. 
. Defining command \xshowcmd with sig. '' on line 128.
.................................................
.................................................
. LaTeX info: "xparse/define-command"
. 
. Defining command \xpatchbibmacro with sig. 'm' on line 131.
.................................................
.................................................
. LaTeX info: "xparse/define-command"
. 
. Defining command \xpretobibmacro with sig. 'm' on line 133.
.................................................
.................................................
. LaTeX info: "xparse/define-command"
. 
. Defining command \xapptobibmacro with sig. 'm' on line 135.
.................................................
.................................................
. LaTeX info: "xparse/define-command"
. 
. Defining command \xshowbibmacro with sig. 'm' on line 137.
.................................................
.................................................
. LaTeX info: "xparse/define-command"
. 
. Defining command \xpatchfieldformat with sig. 'O{*}m' on line 139.
.................................................
.................................................
. LaTeX info: "xparse/define-command"
. 
. Defining command \xpretofieldformat with sig. 'O{*}m' on line 141.
.................................................
.................................................
. LaTeX info: "xparse/define-command"
. 
. Defining command \xapptofieldformat with sig. 'O{*}m' on line 143.
.................................................
.................................................
. LaTeX info: "xparse/define-command"
. 
. Defining command \xshowfieldformat with sig. 'O{*}m' on line 145.
.................................................
.................................................
. LaTeX info: "xparse/define-command"
. 
. Defining command \xpatchnameformat with sig. 'O{*}m' on line 147.
.................................................
.................................................
. LaTeX info: "xparse/define-command"
. 
. Defining command \xpretonameformat with sig. 'O{*}m' on line 149.
.................................................
.................................................
. LaTeX info: "xparse/define-command"
. 
. Defining command \xapptonameformat with sig. 'O{*}m' on line 151.
.................................................
.................................................
. LaTeX info: "xparse/define-command"
. 
. Defining command \xshownameformat with sig. 'O{*}m' on line 153.
.................................................
.................................................
. LaTeX info: "xparse/define-command"
. 
. Defining command \xpatchlistformat with sig. 'O{*}m' on line 155.
.................................................
.................................................
. LaTeX info: "xparse/define-command"
. 
. Defining command \xpretolistformat with sig. 'O{*}m' on line 157.
.................................................
.................................................
. LaTeX info: "xparse/define-command"
. 
. Defining command \xapptolistformat with sig. 'O{*}m' on line 159.
.................................................
.................................................
. LaTeX info: "xparse/define-command"
. 
. Defining command \xshowlistformat with sig. 'O{*}m' on line 161.
.................................................
.................................................
. LaTeX info: "xparse/define-command"
. 
. Defining command \xpatchindexfieldformat with sig. 'O{*}m' on line 163.
.................................................
.................................................
. LaTeX info: "xparse/define-command"
. 
. Defining command \xpretoindexfieldformat with sig. 'O{*}m' on line 165.
.................................................
.................................................
. LaTeX info: "xparse/define-command"
. 
. Defining command \xapptoindexfieldformat with sig. 'O{*}m' on line 167.
.................................................
.................................................
. LaTeX info: "xparse/define-command"
. 
. Defining command \xshowindexfieldformat with sig. 'O{*}m' on line 169.
.................................................
.................................................
. LaTeX info: "xparse/define-command"
. 
. Defining command \xpatchindexnameformat with sig. 'O{*}m' on line 171.
.................................................
.................................................
. LaTeX info: "xparse/define-command"
. 
. Defining command \xpretoindexnameformat with sig. 'O{*}m' on line 173.
.................................................
.................................................
. LaTeX info: "xparse/define-command"
. 
. Defining command \xapptoindexnameformat with sig. 'O{*}m' on line 175.
.................................................
.................................................
. LaTeX info: "xparse/define-command"
. 
. Defining command \xshowindexnameformat with sig. 'O{*}m' on line 177.
.................................................
.................................................
. LaTeX info: "xparse/define-command"
. 
. Defining command \xpatchindexlistformat with sig. 'O{*}m' on line 179.
.................................................
.................................................
. LaTeX info: "xparse/define-command"
. 
. Defining command \xpretoindexlistformat with sig. 'O{*}m' on line 181.
.................................................
.................................................
. LaTeX info: "xparse/define-command"
. 
. Defining command \xappindextolistformat with sig. 'O{*}m' on line 183.
.................................................
.................................................
. LaTeX info: "xparse/define-command"
. 
. Defining command \xshowindexlistformat with sig. 'O{*}m' on line 185.
.................................................
.................................................
. LaTeX info: "xparse/define-command"
. 
. Defining command \xpatchbibdriver with sig. 'm' on line 187.
.................................................
.................................................
. LaTeX info: "xparse/define-command"
. 
. Defining command \xpretobibdriver with sig. 'm' on line 189.
.................................................
.................................................
. LaTeX info: "xparse/define-command"
. 
. Defining command \xapptobibdriver with sig. 'm' on line 191.
.................................................
.................................................
. LaTeX info: "xparse/define-command"
. 
. Defining command \xshowbibdriver with sig. 'm' on line 193.
.................................................
))
("C:\Users\Jonas\AppData\Local\Programs\MiKTeX 2.9\tex\latex\graphics\graphicx.
sty"
Package: graphicx 2014/10/28 v1.0g Enhanced LaTeX Graphics (DPC,SPQR)

("C:\Users\Jonas\AppData\Local\Programs\MiKTeX 2.9\tex\latex\graphics\graphics.
sty"
Package: graphics 2016/07/10 v1.0t Standard LaTeX Graphics (DPC,SPQR)

("C:\Users\Jonas\AppData\Local\Programs\MiKTeX 2.9\tex\latex\graphics\trig.sty"
Package: trig 2016/01/03 v1.10 sin cos tan (DPC)
)
("C:\Users\Jonas\AppData\Local\Programs\MiKTeX 2.9\tex\latex\graphics-cfg\graph
ics.cfg"
File: graphics.cfg 2016/06/04 v1.11 sample graphics configuration
)
Package graphics Info: Driver file: pdftex.def on input line 99.

("C:\Users\Jonas\AppData\Local\Programs\MiKTeX 2.9\tex\latex\graphics-def\pdfte
x.def"
File: pdftex.def 2016/07/10 v0.06j Graphics/color for pdfTeX

("C:\Users\Jonas\AppData\Local\Programs\MiKTeX 2.9\tex\generic\oberdiek\infware
rr.sty"
Package: infwarerr 2016/05/16 v1.4 Providing info/warning/error messages (HO)
)
("C:\Users\Jonas\AppData\Local\Programs\MiKTeX 2.9\tex\generic\oberdiek\ltxcmds
.sty"
Package: ltxcmds 2016/05/16 v1.23 LaTeX kernel commands for general use (HO)
)
\Gread@gobject=\count124
))
\Gin@req@height=\dimen135
\Gin@req@width=\dimen136
)
("C:\Users\Jonas\AppData\Local\Programs\MiKTeX 2.9\tex\latex\tools\verbatim.sty
"
Package: verbatim 2014/10/28 v1.5q LaTeX2e package for verbatim enhancements
\every@verbatim=\toks18
\verbatim@line=\toks19
\verbatim@in@stream=\read1
)
("C:\Users\Jonas\AppData\Local\Programs\MiKTeX 2.9\tex\latex\tools\tabularx.sty
"
Package: tabularx 2016/02/03 v2.11 `tabularx' package (DPC)
 ("C:\Users\Jonas\AppData\Local\Programs\MiKTeX 2.9\tex\latex\tools\array.sty"
Package: array 2014/10/28 v2.4c Tabular extension package (FMi)
\col@sep=\dimen137
\extrarowheight=\dimen138
\NC@list=\toks20
\extratabsurround=\skip62
\backup@length=\skip63
)
\TX@col@width=\dimen139
\TX@old@table=\dimen140
\TX@old@col=\dimen141
\TX@target=\dimen142
\TX@delta=\dimen143
\TX@cols=\count125
\TX@ftn=\toks21
)
("C:\Users\Jonas\AppData\Local\Programs\MiKTeX 2.9\tex\latex\subfig\subfig.sty"
Package: subfig 2005/06/28 ver: 1.3 subfig package

("C:\Users\Jonas\AppData\Local\Programs\MiKTeX 2.9\tex\latex\caption\caption.st
y"
Package: caption 2016/02/21 v3.3-144 Customizing captions (AR)

("C:\Users\Jonas\AppData\Local\Programs\MiKTeX 2.9\tex\latex\caption\caption3.s
ty"
Package: caption3 2016/05/22 v1.7-166 caption3 kernel (AR)
Package caption3 Info: TeX engine: e-TeX on input line 67.
\captionmargin=\dimen144
\captionmargin@=\dimen145
\captionwidth=\dimen146
\caption@tempdima=\dimen147
\caption@indent=\dimen148
\caption@parindent=\dimen149
\caption@hangindent=\dimen150
)
Package caption Info: KOMA-Script document class.
\c@ContinuedFloat=\count126
)
\c@KVtest=\count127
\sf@farskip=\skip64
\sf@captopadj=\dimen151
\sf@capskip=\skip65
\sf@nearskip=\skip66
\c@subfigure=\count128
\c@subfigure@save=\count129
\c@lofdepth=\count130
\c@subtable=\count131
\c@subtable@save=\count132
\c@lotdepth=\count133
\sf@top=\skip67
\sf@bottom=\skip68
) ("C:\Users\Jonas\AppData\Local\Programs\MiKTeX 2.9\tex\latex\url\url.sty"
\Urlmuskip=\muskip16
Package: url 2013/09/16  ver 3.4  Verb mode for urls, etc.
)
("C:\Users\Jonas\AppData\Local\Programs\MiKTeX 2.9\tex\latex\xcolor\xcolor.sty"
Package: xcolor 2016/05/11 v2.12 LaTeX color extensions (UK)

("C:\Users\Jonas\AppData\Local\Programs\MiKTeX 2.9\tex\latex\graphics-cfg\color
.cfg"
File: color.cfg 2016/01/02 v1.6 sample color configuration
)
Package xcolor Info: Driver file: pdftex.def on input line 225.
Package xcolor Info: Model `cmy' substituted by `cmy0' on input line 1348.
Package xcolor Info: Model `hsb' substituted by `rgb' on input line 1352.
Package xcolor Info: Model `RGB' extended on input line 1364.
Package xcolor Info: Model `HTML' substituted by `rgb' on input line 1366.
Package xcolor Info: Model `Hsb' substituted by `hsb' on input line 1367.
Package xcolor Info: Model `tHsb' substituted by `hsb' on input line 1368.
Package xcolor Info: Model `HSB' substituted by `hsb' on input line 1369.
Package xcolor Info: Model `Gray' substituted by `gray' on input line 1370.
Package xcolor Info: Model `wave' substituted by `hsb' on input line 1371.
)
("C:\Users\Jonas\AppData\Local\Programs\MiKTeX 2.9\tex\latex\amsfonts\amssymb.s
ty"
Package: amssymb 2013/01/14 v3.01 AMS font symbols

("C:\Users\Jonas\AppData\Local\Programs\MiKTeX 2.9\tex\latex\amsfonts\amsfonts.
sty"
Package: amsfonts 2013/01/14 v3.01 Basic AMSFonts support
\@emptytoks=\toks22
\symAMSa=\mathgroup4
\symAMSb=\mathgroup5
LaTeX Font Info:    Overwriting math alphabet `\mathfrak' in version `bold'
(Font)                  U/euf/m/n --> U/euf/b/n on input line 106.
))
("C:\Users\Jonas\AppData\Local\Programs\MiKTeX 2.9\tex\latex\amsmath\amsmath.st
y"
Package: amsmath 2016/06/28 v2.15d AMS math features
\@mathmargin=\skip69

For additional information on amsmath, use the `?' option.

("C:\Users\Jonas\AppData\Local\Programs\MiKTeX 2.9\tex\latex\amsmath\amstext.st
y"
Package: amstext 2000/06/29 v2.01 AMS text

("C:\Users\Jonas\AppData\Local\Programs\MiKTeX 2.9\tex\latex\amsmath\amsgen.sty
"
File: amsgen.sty 1999/11/30 v2.0 generic functions
\@emptytoks=\toks23
\ex@=\dimen152
))
("C:\Users\Jonas\AppData\Local\Programs\MiKTeX 2.9\tex\latex\amsmath\amsbsy.sty
"
Package: amsbsy 1999/11/29 v1.2d Bold Symbols
\pmbraise@=\dimen153
)
("C:\Users\Jonas\AppData\Local\Programs\MiKTeX 2.9\tex\latex\amsmath\amsopn.sty
"
Package: amsopn 2016/03/08 v2.02 operator names
)
\inf@bad=\count134
LaTeX Info: Redefining \frac on input line 199.
\uproot@=\count135
\leftroot@=\count136
LaTeX Info: Redefining \overline on input line 297.
\classnum@=\count137
\DOTSCASE@=\count138
LaTeX Info: Redefining \ldots on input line 394.
LaTeX Info: Redefining \dots on input line 397.
LaTeX Info: Redefining \cdots on input line 518.
\Mathstrutbox@=\box44
\strutbox@=\box45
\big@size=\dimen154
LaTeX Font Info:    Redeclaring font encoding OML on input line 634.
LaTeX Font Info:    Redeclaring font encoding OMS on input line 635.
\macc@depth=\count139
\c@MaxMatrixCols=\count140
\dotsspace@=\muskip17
\c@parentequation=\count141
\dspbrk@lvl=\count142
\tag@help=\toks24
\row@=\count143
\column@=\count144
\maxfields@=\count145
\andhelp@=\toks25
\eqnshift@=\dimen155
\alignsep@=\dimen156
\tagshift@=\dimen157
\tagwidth@=\dimen158
\totwidth@=\dimen159
\lineht@=\dimen160
\@envbody=\toks26
\multlinegap=\skip70
\multlinetaggap=\skip71
\mathdisplay@stack=\toks27
LaTeX Info: Redefining \[ on input line 2739.
LaTeX Info: Redefining \] on input line 2740.
)
("C:\Users\Jonas\AppData\Local\Programs\MiKTeX 2.9\tex\latex\setspace\setspace.
sty"
Package: setspace 2011/12/19 v6.7a set line spacing
)
Package scrhack Info: loading setspace hack on input line 43.

("C:\Users\Jonas\AppData\Local\Programs\MiKTeX 2.9\tex\latex\koma-script\setspa
ce.hak"
File: setspace.hak 2016/06/14 v3.21 KOMA-Script package (hacking package setspa
ce)
)
("C:\Users\Jonas\AppData\Local\Programs\MiKTeX 2.9\tex\latex\listings\listings.
sty"
\lst@mode=\count146
\lst@gtempboxa=\box46
\lst@token=\toks28
\lst@length=\count147
\lst@currlwidth=\dimen161
\lst@column=\count148
\lst@pos=\count149
\lst@lostspace=\dimen162
\lst@width=\dimen163
\lst@newlines=\count150
\lst@lineno=\count151
\lst@maxwidth=\dimen164

("C:\Users\Jonas\AppData\Local\Programs\MiKTeX 2.9\tex\latex\listings\lstmisc.s
ty"
File: lstmisc.sty 2015/06/04 1.6 (Carsten Heinz)
\c@lstnumber=\count152
\lst@skipnumbers=\count153
\lst@framebox=\box47
)
("C:\Users\Jonas\AppData\Local\Programs\MiKTeX 2.9\tex\latex\listings\listings.
cfg"
File: listings.cfg 2015/06/04 1.6 listings configuration
))
Package scrhack Info: loading listings hack on input line 44.

("C:\Users\Jonas\AppData\Local\Programs\MiKTeX 2.9\tex\latex\koma-script\listin
gs.hak"
File: listings.hak 2016/06/14 v3.21 KOMA-Script package (hacking package listin
gs)
Package tocbasic Info: setting babel extension for `lol' on input line 137.
Package scrhack Info: redefining \lstlistoflistings on input line 137.
)
Package: listings 2015/06/04 1.6 (Carsten Heinz)

("C:\Users\Jonas\AppData\Local\Programs\MiKTeX 2.9\tex\latex\colortbl\colortbl.
sty"
Package: colortbl 2012/02/13 v1.0a Color table columns (DPC)
\everycr=\toks29
\minrowclearance=\skip72
)
("C:\Users\Jonas\AppData\Local\Programs\MiKTeX 2.9\tex\latex\microtype\microtyp
e.sty"
Package: microtype 2016/05/14 v2.6a Micro-typographical refinements (RS)
\MT@toks=\toks30
\MT@count=\count154
LaTeX Info: Redefining \textls on input line 774.
\MT@outer@kern=\dimen165
LaTeX Info: Redefining \textmicrotypecontext on input line 1310.
\MT@listname@count=\count155

("C:\Users\Jonas\AppData\Local\Programs\MiKTeX 2.9\tex\latex\microtype\microtyp
e-pdftex.def"
File: microtype-pdftex.def 2016/05/14 v2.6a Definitions specific to pdftex (RS)

LaTeX Info: Redefining \lsstyle on input line 916.
LaTeX Info: Redefining \lslig on input line 916.
\MT@outer@space=\skip73
)
Package microtype Info: Loading configuration file microtype.cfg.

("C:\Users\Jonas\AppData\Local\Programs\MiKTeX 2.9\tex\latex\microtype\microtyp
e.cfg"
File: microtype.cfg 2016/05/14 v2.6a microtype main configuration file (RS)
))
("C:\Users\Jonas\AppData\Local\Programs\MiKTeX 2.9\tex\latex\ntheorem\ntheorem.
sty"
Style `ntheorem', Version 1.33 <2011/08/15>
Package: ntheorem 2011/08/15 1.33
("C:\Users\Jonas\AppData\Local\Programs\MiKTeX 2.9\tex\latex\base\ifthen.sty"
Package: ifthen 2014/09/29 v1.1c Standard LaTeX ifthen package (DPC)
)
\theorem@style=\toks31
\theorem@@style=\toks32
\theorembodyfont=\toks33
\theoremnumbering=\toks34
\theorempreskipamount=\skip74
\theorempostskipamount=\skip75
\theoremframepreskipamount=\skip76
\theoremframepostskipamount=\skip77
\theoreminframepreskipamount=\skip78
\theoreminframepostskipamount=\skip79
\theorem@preskip=\toks35
\theorem@postskip=\toks36
\theorem@framepreskip=\toks37
\theorem@framepostskip=\toks38
\theorem@inframepreskip=\toks39
\theorem@inframepostskip=\toks40
\theoremindent=\dimen166
\theorem@indent=\dimen167
\theoremrightindent=\dimen168
\theorem@rightindent=\dimen169
\theoremheaderfont=\toks41
\theoremseparator=\toks42
\theoremprework=\toks43
\theorempostwork=\toks44
\theoremsymbol=\toks45
\qedsymbol=\toks46
\theoremkeyword=\toks47
\qedsymbol=\toks48
\thm@topsep=\skip80
\thm@topsepadd=\skip81
)
("C:\Users\Jonas\AppData\Local\Programs\MiKTeX 2.9\tex\latex\siunitx\siunitx.st
y"
Package: siunitx 2016/09/02 v2.6s A comprehensive (SI) units package

("C:\Users\Jonas\AppData\Local\Programs\MiKTeX 2.9\tex\latex\l3packages\l3keys2
e\l3keys2e.sty"
Package: l3keys2e 2016/10/19 v6730 LaTeX2e option processing using LaTeX3 keys
)
\l__siunitx_tmp_box=\box48
\l__siunitx_tmp_dim=\dimen170
\l__siunitx_tmp_int=\count156
\l__siunitx_number_mantissa_length_int=\count157
\l__siunitx_number_uncert_length_int=\count158
\l__siunitx_round_int=\count159
\l__siunitx_process_decimal_int=\count160
\l__siunitx_process_uncertainty_int=\count161
\l__siunitx_process_fixed_int=\count162
\l__siunitx_process_integer_min_int=\count163
\l__siunitx_process_precision_int=\count164
\l__siunitx_group_min_int=\count165
\l__siunitx_angle_marker_box=\box49
\l__siunitx_angle_unit_box=\box50
\l__siunitx_angle_marker_dim=\dimen171
\l__siunitx_angle_unit_dim=\dimen172
\l__siunitx_unit_int=\count166
\l__siunitx_unit_denominator_int=\count167
\l__siunitx_unit_numerator_int=\count168
\l__siunitx_unit_prefix_int=\count169
\l__siunitx_unit_prefix_base_int=\count170
\l__siunitx_unit_prefix_gram_int=\count171
\l__siunitx_number_product_int=\count172
\c__siunitx_one_fill_skip=\skip82
\l__siunitx_table_unit_align_skip=\skip83
\l__siunitx_table_exponent_dim=\dimen173
\l__siunitx_table_integer_dim=\dimen174
\l__siunitx_table_mantissa_dim=\dimen175
\l__siunitx_table_marker_dim=\dimen176
\l__siunitx_table_result_dim=\dimen177
\l__siunitx_table_uncert_dim=\dimen178
\l__siunitx_table_fill_pre_dim=\dimen179
\l__siunitx_table_fill_post_dim=\dimen180
\l__siunitx_table_fill_mid_dim=\dimen181
\l__siunitx_table_pre_box=\box51
\l__siunitx_table_post_box=\box52
\l__siunitx_table_mantissa_box=\box53
\l__siunitx_table_result_box=\box54
\l__siunitx_table_number_align_skip=\skip84
\l__siunitx_table_text_align_skip=\skip85
.................................................
. LaTeX info: "xparse/define-command"
. 
. Defining command \DeclareBinaryPrefix with sig. 'mmm' on line 7237.
.................................................
.................................................
. LaTeX info: "xparse/define-command"
. 
. Defining command \DeclareSIPostPower with sig. 'mm' on line 7240.
.................................................
.................................................
. LaTeX info: "xparse/define-command"
. 
. Defining command \DeclareSIPrefix with sig. 'mmm' on line 7243.
.................................................
.................................................
. LaTeX info: "xparse/define-command"
. 
. Defining command \DeclareSIPrePower with sig. 'mm' on line 7246.
.................................................
.................................................
. LaTeX info: "xparse/define-command"
. 
. Defining command \DeclareSIQualifier with sig. 'mm' on line 7249.
.................................................
.................................................
. LaTeX info: "xparse/define-command"
. 
. Defining command \DeclareSIUnit with sig. 'O{}mm' on line 7252.
.................................................
.................................................
. LaTeX info: "xparse/define-command"
. 
. Defining command \DeclareSIUnitWithOptions with sig. 'mmm' on line 7255.
.................................................
.................................................
. LaTeX info: "xparse/define-command"
. 
. Defining command \ang with sig. 'o>{\SplitArgument {2}{;}}m' on line 7270.
.................................................
.................................................
. LaTeX info: "xparse/define-command"
. 
. Defining command \num with sig. 'om' on line 7279.
.................................................
.................................................
. LaTeX info: "xparse/define-command"
. 
. Defining command \numlist with sig. 'o>{\SplitList {;}}m' on line 7288.
.................................................
.................................................
. LaTeX info: "xparse/define-command"
. 
. Defining command \numrange with sig. 'omm' on line 7297.
.................................................
.................................................
. LaTeX info: "xparse/define-command"
. 
. Defining command \SIlist with sig. 'o>{\SplitList {;}}mm' on line 7309.
.................................................
.................................................
. LaTeX info: "xparse/define-command"
. 
. Defining command \SIrange with sig. 'ommm' on line 7321.
.................................................
.................................................
. LaTeX info: "xparse/define-command"
. 
. Defining command \SI with sig. 'omom' on line 7333.
.................................................
.................................................
. LaTeX info: "xparse/define-command"
. 
. Defining command \sisetup with sig. 'm' on line 7336.
.................................................
.................................................
. LaTeX info: "xparse/define-command"
. 
. Defining command \tablenum with sig. 'om' on line 7351.
.................................................
.................................................
. LaTeX info: "xparse/define-command"
. 
. Defining command \si with sig. 'om' on line 7363.
.................................................
.................................................
. LaTeX info: "xparse/define-command"
. 
. Defining command \__siunitx_bookmark_num:w with sig. 'om' on line 7410.
.................................................
.................................................
. LaTeX info: "xparse/define-command"
. 
. Defining command \__siunitx_bookmark_numrange:w with sig. 'omm' on line
. 7412.
.................................................
.................................................
. LaTeX info: "xparse/define-command"
. 
. Defining command \__siunitx_bookmark_SI:w with sig. 'omom' on line 7414.
.................................................
.................................................
. LaTeX info: "xparse/define-command"
. 
. Defining command \__siunitx_bookmark_SIlist:w with sig. 'omm' on line 7416.
.................................................
.................................................
. LaTeX info: "xparse/define-command"
. 
. Defining command \__siunitx_bookmark_SIrange:w with sig. 'ommm' on line
. 7418.
.................................................
.................................................
. LaTeX info: "xparse/define-command"
. 
. Defining command \__siunitx_bookmark_si:w with sig. 'om' on line 7419.
.................................................
\g__file_internal_ior=\read2

("C:\Users\Jonas\AppData\Local\Programs\MiKTeX 2.9\tex\latex\beamer\base\transl
ator\translator.sty"
Package: translator 2010/06/12 ver 1.10

("C:\Users\Jonas\AppData\Local\Programs\MiKTeX 2.9\tex\latex\beamer\base\transl
ator\translator-language-mappings.tex")))
("C:\Users\Jonas\AppData\Local\Programs\MiKTeX 2.9\tex\latex\todonotes\todonote
s.sty"
Package: todonotes 2015/07/09 .dtx Todonotes source and documentation.
Package: todonotes 2012/07/25

("C:\Users\Jonas\AppData\Local\Programs\MiKTeX 2.9\tex\latex\xkeyval\xkeyval.st
y"
Package: xkeyval 2014/12/03 v2.7a package option processing (HA)

("C:\Users\Jonas\AppData\Local\Programs\MiKTeX 2.9\tex\generic\xkeyval\xkeyval.
tex"
("C:\Users\Jonas\AppData\Local\Programs\MiKTeX 2.9\tex\generic\xkeyval\xkvutils
.tex"
\XKV@toks=\toks49
\XKV@tempa@toks=\toks50
)
\XKV@depth=\count173
File: xkeyval.tex 2014/12/03 v2.7a key=value parser (HA)
))
("C:\Users\Jonas\AppData\Local\Programs\MiKTeX 2.9\tex\latex\pgf\frontendlayer\
tikz.sty"
("C:\Users\Jonas\AppData\Local\Programs\MiKTeX 2.9\tex\latex\pgf\basiclayer\pgf
.sty"
("C:\Users\Jonas\AppData\Local\Programs\MiKTeX 2.9\tex\latex\pgf\utilities\pgfr
cs.sty"
("C:\Users\Jonas\AppData\Local\Programs\MiKTeX 2.9\tex\generic\pgf\utilities\pg
futil-common.tex"
\pgfutil@everybye=\toks51
\pgfutil@tempdima=\dimen182
\pgfutil@tempdimb=\dimen183

("C:\Users\Jonas\AppData\Local\Programs\MiKTeX 2.9\tex\generic\pgf\utilities\pg
futil-common-lists.tex"))
("C:\Users\Jonas\AppData\Local\Programs\MiKTeX 2.9\tex\generic\pgf\utilities\pg
futil-latex.def"
\pgfutil@abb=\box55

("C:\Users\Jonas\AppData\Local\Programs\MiKTeX 2.9\tex\latex\ms\everyshi.sty"
Package: everyshi 2001/05/15 v3.00 EveryShipout Package (MS)
))
("C:\Users\Jonas\AppData\Local\Programs\MiKTeX 2.9\tex\generic\pgf\utilities\pg
frcs.code.tex"
Package: pgfrcs 2015/08/07 v3.0.1a (rcs-revision 1.31)
))
Package: pgf 2015/08/07 v3.0.1a (rcs-revision 1.15)

("C:\Users\Jonas\AppData\Local\Programs\MiKTeX 2.9\tex\latex\pgf\basiclayer\pgf
core.sty"
("C:\Users\Jonas\AppData\Local\Programs\MiKTeX 2.9\tex\latex\pgf\systemlayer\pg
fsys.sty"
("C:\Users\Jonas\AppData\Local\Programs\MiKTeX 2.9\tex\generic\pgf\systemlayer\
pgfsys.code.tex"
Package: pgfsys 2014/07/09 v3.0.1a (rcs-revision 1.48)

("C:\Users\Jonas\AppData\Local\Programs\MiKTeX 2.9\tex\generic\pgf\utilities\pg
fkeys.code.tex"
\pgfkeys@pathtoks=\toks52
\pgfkeys@temptoks=\toks53

("C:\Users\Jonas\AppData\Local\Programs\MiKTeX 2.9\tex\generic\pgf\utilities\pg
fkeysfiltered.code.tex"
\pgfkeys@tmptoks=\toks54
))
\pgf@x=\dimen184
\pgf@y=\dimen185
\pgf@xa=\dimen186
\pgf@ya=\dimen187
\pgf@xb=\dimen188
\pgf@yb=\dimen189
\pgf@xc=\dimen190
\pgf@yc=\dimen191
\w@pgf@writea=\write3
\r@pgf@reada=\read3
\c@pgf@counta=\count174
\c@pgf@countb=\count175
\c@pgf@countc=\count176
\c@pgf@countd=\count177
\t@pgf@toka=\toks55
\t@pgf@tokb=\toks56
\t@pgf@tokc=\toks57

("C:\Users\Jonas\AppData\Local\Programs\MiKTeX 2.9\tex\generic\pgf\systemlayer\
pgf.cfg"
File: pgf.cfg 2008/05/14  (rcs-revision 1.7)
)
Driver file for pgf: pgfsys-pdftex.def

("C:\Users\Jonas\AppData\Local\Programs\MiKTeX 2.9\tex\generic\pgf\systemlayer\
pgfsys-pdftex.def"
File: pgfsys-pdftex.def 2014/10/11  (rcs-revision 1.35)

("C:\Users\Jonas\AppData\Local\Programs\MiKTeX 2.9\tex\generic\pgf\systemlayer\
pgfsys-common-pdf.def"
File: pgfsys-common-pdf.def 2013/10/10  (rcs-revision 1.13)
)))
("C:\Users\Jonas\AppData\Local\Programs\MiKTeX 2.9\tex\generic\pgf\systemlayer\
pgfsyssoftpath.code.tex"
File: pgfsyssoftpath.code.tex 2013/09/09  (rcs-revision 1.9)
\pgfsyssoftpath@smallbuffer@items=\count178
\pgfsyssoftpath@bigbuffer@items=\count179
)
("C:\Users\Jonas\AppData\Local\Programs\MiKTeX 2.9\tex\generic\pgf\systemlayer\
pgfsysprotocol.code.tex"
File: pgfsysprotocol.code.tex 2006/10/16  (rcs-revision 1.4)
))
("C:\Users\Jonas\AppData\Local\Programs\MiKTeX 2.9\tex\generic\pgf\basiclayer\p
gfcore.code.tex"
Package: pgfcore 2010/04/11 v3.0.1a (rcs-revision 1.7)

("C:\Users\Jonas\AppData\Local\Programs\MiKTeX 2.9\tex\generic\pgf\math\pgfmath
.code.tex"
("C:\Users\Jonas\AppData\Local\Programs\MiKTeX 2.9\tex\generic\pgf\math\pgfmath
calc.code.tex"
("C:\Users\Jonas\AppData\Local\Programs\MiKTeX 2.9\tex\generic\pgf\math\pgfmath
util.code.tex")
("C:\Users\Jonas\AppData\Local\Programs\MiKTeX 2.9\tex\generic\pgf\math\pgfmath
parser.code.tex"
\pgfmath@dimen=\dimen192
\pgfmath@count=\count180
\pgfmath@box=\box56
\pgfmath@toks=\toks58
\pgfmath@stack@operand=\toks59
\pgfmath@stack@operation=\toks60
)
("C:\Users\Jonas\AppData\Local\Programs\MiKTeX 2.9\tex\generic\pgf\math\pgfmath
functions.code.tex"
("C:\Users\Jonas\AppData\Local\Programs\MiKTeX 2.9\tex\generic\pgf\math\pgfmath
functions.basic.code.tex")
("C:\Users\Jonas\AppData\Local\Programs\MiKTeX 2.9\tex\generic\pgf\math\pgfmath
functions.trigonometric.code.tex")
("C:\Users\Jonas\AppData\Local\Programs\MiKTeX 2.9\tex\generic\pgf\math\pgfmath
functions.random.code.tex")
("C:\Users\Jonas\AppData\Local\Programs\MiKTeX 2.9\tex\generic\pgf\math\pgfmath
functions.comparison.code.tex")
("C:\Users\Jonas\AppData\Local\Programs\MiKTeX 2.9\tex\generic\pgf\math\pgfmath
functions.base.code.tex")
("C:\Users\Jonas\AppData\Local\Programs\MiKTeX 2.9\tex\generic\pgf\math\pgfmath
functions.round.code.tex")
("C:\Users\Jonas\AppData\Local\Programs\MiKTeX 2.9\tex\generic\pgf\math\pgfmath
functions.misc.code.tex")
("C:\Users\Jonas\AppData\Local\Programs\MiKTeX 2.9\tex\generic\pgf\math\pgfmath
functions.integerarithmetics.code.tex")))
("C:\Users\Jonas\AppData\Local\Programs\MiKTeX 2.9\tex\generic\pgf\math\pgfmath
float.code.tex"
\c@pgfmathroundto@lastzeros=\count181
))
("C:\Users\Jonas\AppData\Local\Programs\MiKTeX 2.9\tex\generic\pgf\basiclayer\p
gfcorepoints.code.tex"
File: pgfcorepoints.code.tex 2013/10/07  (rcs-revision 1.27)
\pgf@picminx=\dimen193
\pgf@picmaxx=\dimen194
\pgf@picminy=\dimen195
\pgf@picmaxy=\dimen196
\pgf@pathminx=\dimen197
\pgf@pathmaxx=\dimen198
\pgf@pathminy=\dimen199
\pgf@pathmaxy=\dimen256
\pgf@xx=\dimen257
\pgf@xy=\dimen258
\pgf@yx=\dimen259
\pgf@yy=\dimen260
\pgf@zx=\dimen261
\pgf@zy=\dimen262
)
("C:\Users\Jonas\AppData\Local\Programs\MiKTeX 2.9\tex\generic\pgf\basiclayer\p
gfcorepathconstruct.code.tex"
File: pgfcorepathconstruct.code.tex 2013/10/07  (rcs-revision 1.29)
\pgf@path@lastx=\dimen263
\pgf@path@lasty=\dimen264
)
("C:\Users\Jonas\AppData\Local\Programs\MiKTeX 2.9\tex\generic\pgf\basiclayer\p
gfcorepathusage.code.tex"
File: pgfcorepathusage.code.tex 2014/11/02  (rcs-revision 1.24)
\pgf@shorten@end@additional=\dimen265
\pgf@shorten@start@additional=\dimen266
)
("C:\Users\Jonas\AppData\Local\Programs\MiKTeX 2.9\tex\generic\pgf\basiclayer\p
gfcorescopes.code.tex"
File: pgfcorescopes.code.tex 2015/05/08  (rcs-revision 1.46)
\pgfpic=\box57
\pgf@hbox=\box58
\pgf@layerbox@main=\box59
\pgf@picture@serial@count=\count182
)
("C:\Users\Jonas\AppData\Local\Programs\MiKTeX 2.9\tex\generic\pgf\basiclayer\p
gfcoregraphicstate.code.tex"
File: pgfcoregraphicstate.code.tex 2014/11/02  (rcs-revision 1.12)
\pgflinewidth=\dimen267
)
("C:\Users\Jonas\AppData\Local\Programs\MiKTeX 2.9\tex\generic\pgf\basiclayer\p
gfcoretransformations.code.tex"
File: pgfcoretransformations.code.tex 2015/08/07  (rcs-revision 1.20)
\pgf@pt@x=\dimen268
\pgf@pt@y=\dimen269
\pgf@pt@temp=\dimen270
)
("C:\Users\Jonas\AppData\Local\Programs\MiKTeX 2.9\tex\generic\pgf\basiclayer\p
gfcorequick.code.tex"
File: pgfcorequick.code.tex 2008/10/09  (rcs-revision 1.3)
)
("C:\Users\Jonas\AppData\Local\Programs\MiKTeX 2.9\tex\generic\pgf\basiclayer\p
gfcoreobjects.code.tex"
File: pgfcoreobjects.code.tex 2006/10/11  (rcs-revision 1.2)
)
("C:\Users\Jonas\AppData\Local\Programs\MiKTeX 2.9\tex\generic\pgf\basiclayer\p
gfcorepathprocessing.code.tex"
File: pgfcorepathprocessing.code.tex 2013/09/09  (rcs-revision 1.9)
)
("C:\Users\Jonas\AppData\Local\Programs\MiKTeX 2.9\tex\generic\pgf\basiclayer\p
gfcorearrows.code.tex"
File: pgfcorearrows.code.tex 2015/05/14  (rcs-revision 1.43)
\pgfarrowsep=\dimen271
)
("C:\Users\Jonas\AppData\Local\Programs\MiKTeX 2.9\tex\generic\pgf\basiclayer\p
gfcoreshade.code.tex"
File: pgfcoreshade.code.tex 2013/07/15  (rcs-revision 1.15)
\pgf@max=\dimen272
\pgf@sys@shading@range@num=\count183
)
("C:\Users\Jonas\AppData\Local\Programs\MiKTeX 2.9\tex\generic\pgf\basiclayer\p
gfcoreimage.code.tex"
File: pgfcoreimage.code.tex 2013/07/15  (rcs-revision 1.18)

("C:\Users\Jonas\AppData\Local\Programs\MiKTeX 2.9\tex\generic\pgf\basiclayer\p
gfcoreexternal.code.tex"
File: pgfcoreexternal.code.tex 2014/07/09  (rcs-revision 1.21)
\pgfexternal@startupbox=\box60
))
("C:\Users\Jonas\AppData\Local\Programs\MiKTeX 2.9\tex\generic\pgf\basiclayer\p
gfcorelayers.code.tex"
File: pgfcorelayers.code.tex 2013/07/18  (rcs-revision 1.7)
)
("C:\Users\Jonas\AppData\Local\Programs\MiKTeX 2.9\tex\generic\pgf\basiclayer\p
gfcoretransparency.code.tex"
File: pgfcoretransparency.code.tex 2013/09/30  (rcs-revision 1.5)
)
("C:\Users\Jonas\AppData\Local\Programs\MiKTeX 2.9\tex\generic\pgf\basiclayer\p
gfcorepatterns.code.tex"
File: pgfcorepatterns.code.tex 2013/11/07  (rcs-revision 1.5)
)))
("C:\Users\Jonas\AppData\Local\Programs\MiKTeX 2.9\tex\generic\pgf\modules\pgfm
oduleshapes.code.tex"
File: pgfmoduleshapes.code.tex 2014/03/21  (rcs-revision 1.35)
\pgfnodeparttextbox=\box61
)
("C:\Users\Jonas\AppData\Local\Programs\MiKTeX 2.9\tex\generic\pgf\modules\pgfm
oduleplot.code.tex"
File: pgfmoduleplot.code.tex 2015/08/03  (rcs-revision 1.13)
)
("C:\Users\Jonas\AppData\Local\Programs\MiKTeX 2.9\tex\latex\pgf\compatibility\
pgfcomp-version-0-65.sty"
Package: pgfcomp-version-0-65 2007/07/03 v3.0.1a (rcs-revision 1.7)
\pgf@nodesepstart=\dimen273
\pgf@nodesepend=\dimen274
)
("C:\Users\Jonas\AppData\Local\Programs\MiKTeX 2.9\tex\latex\pgf\compatibility\
pgfcomp-version-1-18.sty"
Package: pgfcomp-version-1-18 2007/07/23 v3.0.1a (rcs-revision 1.1)
))
("C:\Users\Jonas\AppData\Local\Programs\MiKTeX 2.9\tex\latex\pgf\utilities\pgff
or.sty"
("C:\Users\Jonas\AppData\Local\Programs\MiKTeX 2.9\tex\latex\pgf\utilities\pgfk
eys.sty"
("C:\Users\Jonas\AppData\Local\Programs\MiKTeX 2.9\tex\generic\pgf\utilities\pg
fkeys.code.tex"))
("C:\Users\Jonas\AppData\Local\Programs\MiKTeX 2.9\tex\latex\pgf\math\pgfmath.s
ty"
("C:\Users\Jonas\AppData\Local\Programs\MiKTeX 2.9\tex\generic\pgf\math\pgfmath
.code.tex"))
("C:\Users\Jonas\AppData\Local\Programs\MiKTeX 2.9\tex\generic\pgf\utilities\pg
ffor.code.tex"
Package: pgffor 2013/12/13 v3.0.1a (rcs-revision 1.25)

("C:\Users\Jonas\AppData\Local\Programs\MiKTeX 2.9\tex\generic\pgf\math\pgfmath
.code.tex")
\pgffor@iter=\dimen275
\pgffor@skip=\dimen276
\pgffor@stack=\toks61
\pgffor@toks=\toks62
))
("C:\Users\Jonas\AppData\Local\Programs\MiKTeX 2.9\tex\generic\pgf\frontendlaye
r\tikz\tikz.code.tex"
Package: tikz 2015/08/07 v3.0.1a (rcs-revision 1.151)

("C:\Users\Jonas\AppData\Local\Programs\MiKTeX 2.9\tex\generic\pgf\libraries\pg
flibraryplothandlers.code.tex"
File: pgflibraryplothandlers.code.tex 2013/08/31 v3.0.1a (rcs-revision 1.20)
\pgf@plot@mark@count=\count184
\pgfplotmarksize=\dimen277
)
\tikz@lastx=\dimen278
\tikz@lasty=\dimen279
\tikz@lastxsaved=\dimen280
\tikz@lastysaved=\dimen281
\tikzleveldistance=\dimen282
\tikzsiblingdistance=\dimen283
\tikz@figbox=\box62
\tikz@figbox@bg=\box63
\tikz@tempbox=\box64
\tikz@tempbox@bg=\box65
\tikztreelevel=\count185
\tikznumberofchildren=\count186
\tikznumberofcurrentchild=\count187
\tikz@fig@count=\count188

("C:\Users\Jonas\AppData\Local\Programs\MiKTeX 2.9\tex\generic\pgf\modules\pgfm
odulematrix.code.tex"
File: pgfmodulematrix.code.tex 2013/09/17  (rcs-revision 1.8)
\pgfmatrixcurrentrow=\count189
\pgfmatrixcurrentcolumn=\count190
\pgf@matrix@numberofcolumns=\count191
)
\tikz@expandcount=\count192

("C:\Users\Jonas\AppData\Local\Programs\MiKTeX 2.9\tex\generic\pgf\frontendlaye
r\tikz\libraries\tikzlibrarytopaths.code.tex"
File: tikzlibrarytopaths.code.tex 2008/06/17 v3.0.1a (rcs-revision 1.2)
)))
("C:\Users\Jonas\AppData\Local\Programs\MiKTeX 2.9\tex\generic\pgf\frontendlaye
r\tikz\libraries\tikzlibrarypositioning.code.tex"
File: tikzlibrarypositioning.code.tex 2008/10/06 v3.0.1a (rcs-revision 1.7)
)
("C:\Users\Jonas\AppData\Local\Programs\MiKTeX 2.9\tex\latex\tools\calc.sty"
Package: calc 2014/10/28 v4.3 Infix arithmetic (KKT,FJ)
\calc@Acount=\count193
\calc@Bcount=\count194
\calc@Adimen=\dimen284
\calc@Bdimen=\dimen285
\calc@Askip=\skip86
\calc@Bskip=\skip87
LaTeX Info: Redefining \setlength on input line 80.
LaTeX Info: Redefining \addtolength on input line 81.
\calc@Ccount=\count195
\calc@Cskip=\skip88
)
\c@@todonotes@numberoftodonotes=\count196
)
("C:\Users\Jonas\AppData\Local\Programs\MiKTeX 2.9\tex\latex\natbib\natbib.sty"
Package: natbib 2010/09/13 8.31b (PWD, AO)
\bibhang=\skip89
\bibsep=\skip90
LaTeX Info: Redefining \cite on input line 694.
\c@NAT@ctr=\count197
)
Package scrhack Info: hyperref hack deactivated because of
(scrhack)             detection of KOMA-Script class, that doesn't
(scrhack)             need that hack, on input line 60.

("C:\Users\Jonas\AppData\Local\Programs\MiKTeX 2.9\tex\latex\hyperref\hyperref.
sty"
Package: hyperref 2016/06/24 v6.83q Hypertext links for LaTeX

("C:\Users\Jonas\AppData\Local\Programs\MiKTeX 2.9\tex\generic\oberdiek\hobsub-
hyperref.sty"
Package: hobsub-hyperref 2016/05/16 v1.14 Bundle oberdiek, subset hyperref (HO)


("C:\Users\Jonas\AppData\Local\Programs\MiKTeX 2.9\tex\generic\oberdiek\hobsub-
generic.sty"
Package: hobsub-generic 2016/05/16 v1.14 Bundle oberdiek, subset generic (HO)
Package: hobsub 2016/05/16 v1.14 Construct package bundles (HO)
Package hobsub Info: Skipping package `infwarerr' (already loaded).
Package hobsub Info: Skipping package `ltxcmds' (already loaded).
Package: ifluatex 2016/05/16 v1.4 Provides the ifluatex switch (HO)
Package ifluatex Info: LuaTeX not detected.
Package: ifvtex 2016/05/16 v1.6 Detect VTeX and its facilities (HO)
Package ifvtex Info: VTeX not detected.
Package: intcalc 2016/05/16 v1.2 Expandable calculations with integers (HO)
Package: ifpdf 2016/05/14 v3.1 Provides the ifpdf switch
Package: etexcmds 2016/05/16 v1.6 Avoid name clashes with e-TeX commands (HO)
Package etexcmds Info: Could not find \expanded.
(etexcmds)             That can mean that you are not using pdfTeX 1.50 or
(etexcmds)             that some package has redefined \expanded.
(etexcmds)             In the latter case, load this package earlier.
Package: kvsetkeys 2016/05/16 v1.17 Key value parser (HO)
Package: kvdefinekeys 2016/05/16 v1.4 Define keys (HO)
Package: pdftexcmds 2016/05/21 v0.22 Utility functions of pdfTeX for LuaTeX (HO
)
Package pdftexcmds Info: LuaTeX not detected.
Package pdftexcmds Info: \pdf@primitive is available.
Package pdftexcmds Info: \pdf@ifprimitive is available.
Package pdftexcmds Info: \pdfdraftmode found.
Package: pdfescape 2016/05/16 v1.14 Implements pdfTeX's escape features (HO)
Package: bigintcalc 2016/05/16 v1.4 Expandable calculations on big integers (HO
)
Package: bitset 2016/05/16 v1.2 Handle bit-vector datatype (HO)
Package: uniquecounter 2016/05/16 v1.3 Provide unlimited unique counter (HO)
)
Package hobsub Info: Skipping package `hobsub' (already loaded).
Package: letltxmacro 2016/05/16 v1.5 Let assignment for LaTeX macros (HO)
Package: hopatch 2016/05/16 v1.3 Wrapper for package hooks (HO)
Package: xcolor-patch 2016/05/16 xcolor patch
Package: atveryend 2016/05/16 v1.9 Hooks at the very end of document (HO)
Package: atbegshi 2016/06/09 v1.18 At begin shipout hook (HO)
Package: refcount 2016/05/16 v3.5 Data extraction from label references (HO)
Package: hycolor 2016/05/16 v1.8 Color options for hyperref/bookmark (HO)
)
("C:\Users\Jonas\AppData\Local\Programs\MiKTeX 2.9\tex\generic\ifxetex\ifxetex.
sty"
Package: ifxetex 2010/09/12 v0.6 Provides ifxetex conditional
)
("C:\Users\Jonas\AppData\Local\Programs\MiKTeX 2.9\tex\latex\oberdiek\auxhook.s
ty"
Package: auxhook 2016/05/16 v1.4 Hooks for auxiliary files (HO)
)
("C:\Users\Jonas\AppData\Local\Programs\MiKTeX 2.9\tex\latex\oberdiek\kvoptions
.sty"
Package: kvoptions 2016/05/16 v3.12 Key value format for package options (HO)
)
\@linkdim=\dimen286
\Hy@linkcounter=\count198
\Hy@pagecounter=\count199

("C:\Users\Jonas\AppData\Local\Programs\MiKTeX 2.9\tex\latex\hyperref\pd1enc.de
f"
File: pd1enc.def 2016/06/24 v6.83q Hyperref: PDFDocEncoding definition (HO)
Now handling font encoding PD1 ...
... no UTF-8 mapping file for font encoding PD1
)
\Hy@SavedSpaceFactor=\count266

("C:\Users\Jonas\AppData\Local\Programs\MiKTeX 2.9\tex\latex\00miktex\hyperref.
cfg"
File: hyperref.cfg 2002/06/06 v1.2 hyperref configuration of TeXLive
)
Package hyperref Info: Hyper figures OFF on input line 4486.
Package hyperref Info: Link nesting OFF on input line 4491.
Package hyperref Info: Hyper index ON on input line 4494.
Package hyperref Info: Plain pages OFF on input line 4501.
Package hyperref Info: Backreferencing OFF on input line 4506.
Package hyperref Info: Implicit mode ON; LaTeX internals redefined.
Package hyperref Info: Bookmarks ON on input line 4735.
\c@Hy@tempcnt=\count267
LaTeX Info: Redefining \url on input line 5088.
\XeTeXLinkMargin=\dimen287
\Fld@menulength=\count268
\Field@Width=\dimen288
\Fld@charsize=\dimen289
Package hyperref Info: Hyper figures OFF on input line 6342.
Package hyperref Info: Link nesting OFF on input line 6347.
Package hyperref Info: Hyper index ON on input line 6350.
Package hyperref Info: backreferencing OFF on input line 6357.
Package hyperref Info: Link coloring OFF on input line 6362.
Package hyperref Info: Link coloring with OCG OFF on input line 6367.
Package hyperref Info: PDF/A mode OFF on input line 6372.
LaTeX Info: Redefining \ref on input line 6412.
LaTeX Info: Redefining \pageref on input line 6416.
\Hy@abspage=\count269
\c@Item=\count270
\c@Hfootnote=\count271
)

Package hyperref Message: Driver (autodetected): hpdftex.


("C:\Users\Jonas\AppData\Local\Programs\MiKTeX 2.9\tex\latex\hyperref\hpdftex.d
ef"
File: hpdftex.def 2016/06/24 v6.83q Hyperref driver for pdfTeX
\Fld@listcount=\count272
\c@bookmark@seq@number=\count273

("C:\Users\Jonas\AppData\Local\Programs\MiKTeX 2.9\tex\latex\oberdiek\rerunfile
check.sty"
Package: rerunfilecheck 2016/05/16 v1.8 Rerun checks for auxiliary files (HO)
Package uniquecounter Info: New unique counter `rerunfilecheck' on input line 2
82.
)
\Hy@SectionHShift=\skip91
)
Package hyperref Info: Option `colorlinks' set `false' on input line 98.

("C:\Users\Jonas\AppData\Local\Programs\MiKTeX 2.9\tex\latex\listings\lstlang1.
sty"
File: lstlang1.sty 2015/06/04 1.6 listings language file
)
("C:\Users\Jonas\AppData\Local\Programs\MiKTeX 2.9\tex\latex\listings\lstlang1.
sty"
File: lstlang1.sty 2015/06/04 1.6 listings language file
)
("C:\Users\Jonas\AppData\Local\Programs\MiKTeX 2.9\tex\latex\listings\lstmisc.s
ty"
File: lstmisc.sty 2015/06/04 1.6 (Carsten Heinz)
)
\c@defi=\count274
LaTeX Font Info:    Try loading font information for T1+phv on input line 173.

("C:\Users\Jonas\AppData\Local\Programs\MiKTeX 2.9\tex\latex\psnfss\t1phv.fd"
File: t1phv.fd 2001/06/04 scalable font definitions for T1/phv.
)
Package typearea Info: These are the values describing the layout:
(typearea)             DIV  = 9
(typearea)             BCOR = 91.04881pt
(typearea)             \paperwidth      = 597.50793pt
(typearea)              \textwidth      = 337.63945pt
(typearea)              DIV departure   = 0%
(typearea)              \evensidemargin = 40.27646pt
(typearea)              \oddsidemargin  = 75.05205pt
(typearea)             \paperheight     = 845.04694pt
(typearea)              \textheight     = 574.0pt
(typearea)              \topmargin      = -11.37589pt
(typearea)              \headheight     = 15.0pt
(typearea)              \headsep        = 18.0pt
(typearea)              \topskip        = 10.0pt
(typearea)              \footskip       = 42.0pt
(typearea)              \baselineskip   = 12.0pt
(typearea)              on input line 173.
Package csquotes Info: Checking for multilingual support...
Package csquotes Info: ... found 'babel' package.

(dukumentation.aux)
\openout1 = `dukumentation.aux'.

LaTeX Font Info:    Checking defaults for OML/cmm/m/it on input line 199.
LaTeX Font Info:    ... okay on input line 199.
LaTeX Font Info:    Checking defaults for T1/cmr/m/n on input line 199.
LaTeX Font Info:    ... okay on input line 199.
LaTeX Font Info:    Checking defaults for OT1/cmr/m/n on input line 199.
LaTeX Font Info:    ... okay on input line 199.
LaTeX Font Info:    Checking defaults for OMS/cmsy/m/n on input line 199.
LaTeX Font Info:    ... okay on input line 199.
LaTeX Font Info:    Checking defaults for OMX/cmex/m/n on input line 199.
LaTeX Font Info:    ... okay on input line 199.
LaTeX Font Info:    Checking defaults for U/cmr/m/n on input line 199.
LaTeX Font Info:    ... okay on input line 199.
LaTeX Font Info:    Checking defaults for PD1/pdf/m/n on input line 199.
LaTeX Font Info:    ... okay on input line 199.

("C:\Users\Jonas\AppData\Local\Programs\MiKTeX 2.9\tex\context\base\supp-pdf.mk
ii"
[Loading MPS to PDF converter (version 2006.09.02).]
\scratchcounter=\count275
\scratchdimen=\dimen290
\scratchbox=\box66
\nofMPsegments=\count276
\nofMParguments=\count277
\everyMPshowfont=\toks63
\MPscratchCnt=\count278
\MPscratchDim=\dimen291
\MPnumerator=\count279
\makeMPintoPDFobject=\count280
\everyMPtoPDFconversion=\toks64
)
("C:\Users\Jonas\AppData\Local\Programs\MiKTeX 2.9\tex\latex\oberdiek\epstopdf-
base.sty"
Package: epstopdf-base 2016/05/15 v2.6 Base part for package epstopdf

("C:\Users\Jonas\AppData\Local\Programs\MiKTeX 2.9\tex\latex\oberdiek\grfext.st
y"
Package: grfext 2016/05/16 v1.2 Manage graphics extensions (HO)
)
Package epstopdf-base Info: Redefining graphics rule for `.eps' on input line 4
38.
Package grfext Info: Graphics extension search list:
(grfext)             [.png,.pdf,.jpg,.mps,.jpeg,.jbig2,.jb2,.PNG,.PDF,.JPG,.JPE
G,.JBIG2,.JB2,.eps]
(grfext)             \AppendGraphicsExtensions on input line 456.
)
Package caption Info: Begin \AtBeginDocument code.
Package caption Info: subfig package v1.3 is loaded.
Package caption Info: hyperref package is loaded.
Package caption Info: listings package is loaded.
Package caption Info: End \AtBeginDocument code.
\c@lstlisting=\count281
Package scrhack Info: undefining \float@addtolists on input line 199.
LaTeX Info: Redefining \microtypecontext on input line 199.
Package microtype Info: Generating PDF output.
Package microtype Info: Character protrusion enabled (level 2).
Package microtype Info: Using default protrusion set `alltext'.
Package microtype Info: Automatic font expansion enabled (level 2),
(microtype)             stretch: 20, shrink: 20, step: 1, non-selected.
Package microtype Info: Using default expansion set `basictext'.
Package microtype Info: No adjustment of tracking.
Package microtype Info: No adjustment of interword spacing.
Package microtype Info: No adjustment of character kerning.
Package microtype Info: Loading generic settings for font family
(microtype)             `phv' (encoding: T1).
(microtype)             For optimal results, create family-specific settings.
(microtype)             See the microtype manual for details.
Now handling font encoding TS1 ...
... processing UTF-8 mapping file for font encoding TS1

("C:\Users\Jonas\AppData\Local\Programs\MiKTeX 2.9\tex\latex\base\ts1enc.dfu"
File: ts1enc.dfu 2016/02/28 v1.1s UTF-8 support for inputenc
   defining Unicode char U+00A2 (decimal 162)
   defining Unicode char U+00A3 (decimal 163)
   defining Unicode char U+00A4 (decimal 164)
   defining Unicode char U+00A5 (decimal 165)
   defining Unicode char U+00A6 (decimal 166)
   defining Unicode char U+00A7 (decimal 167)
   defining Unicode char U+00A8 (decimal 168)
   defining Unicode char U+00A9 (decimal 169)
   defining Unicode char U+00AA (decimal 170)
   defining Unicode char U+00AC (decimal 172)
   defining Unicode char U+00AE (decimal 174)
   defining Unicode char U+00AF (decimal 175)
   defining Unicode char U+00B0 (decimal 176)
   defining Unicode char U+00B1 (decimal 177)
   defining Unicode char U+00B2 (decimal 178)
   defining Unicode char U+00B3 (decimal 179)
   defining Unicode char U+00B4 (decimal 180)
   defining Unicode char U+00B5 (decimal 181)
   defining Unicode char U+00B6 (decimal 182)
   defining Unicode char U+00B7 (decimal 183)
   defining Unicode char U+00B9 (decimal 185)
   defining Unicode char U+00BA (decimal 186)
   defining Unicode char U+00BC (decimal 188)
   defining Unicode char U+00BD (decimal 189)
   defining Unicode char U+00BE (decimal 190)
   defining Unicode char U+00D7 (decimal 215)
   defining Unicode char U+00F7 (decimal 247)
   defining Unicode char U+0192 (decimal 402)
   defining Unicode char U+02C7 (decimal 711)
   defining Unicode char U+02D8 (decimal 728)
   defining Unicode char U+02DD (decimal 733)
   defining Unicode char U+0E3F (decimal 3647)
   defining Unicode char U+2016 (decimal 8214)
   defining Unicode char U+2020 (decimal 8224)
   defining Unicode char U+2021 (decimal 8225)
   defining Unicode char U+2022 (decimal 8226)
   defining Unicode char U+2030 (decimal 8240)
   defining Unicode char U+2031 (decimal 8241)
   defining Unicode char U+203B (decimal 8251)
   defining Unicode char U+203D (decimal 8253)
   defining Unicode char U+2044 (decimal 8260)
   defining Unicode char U+204E (decimal 8270)
   defining Unicode char U+2052 (decimal 8274)
   defining Unicode char U+20A1 (decimal 8353)
   defining Unicode char U+20A4 (decimal 8356)
   defining Unicode char U+20A6 (decimal 8358)
   defining Unicode char U+20A9 (decimal 8361)
   defining Unicode char U+20AB (decimal 8363)
   defining Unicode char U+20AC (decimal 8364)
   defining Unicode char U+20B1 (decimal 8369)
   defining Unicode char U+2103 (decimal 8451)
   defining Unicode char U+2116 (decimal 8470)
   defining Unicode char U+2117 (decimal 8471)
   defining Unicode char U+211E (decimal 8478)
   defining Unicode char U+2120 (decimal 8480)
   defining Unicode char U+2122 (decimal 8482)
   defining Unicode char U+2126 (decimal 8486)
   defining Unicode char U+2127 (decimal 8487)
   defining Unicode char U+212E (decimal 8494)
   defining Unicode char U+2190 (decimal 8592)
   defining Unicode char U+2191 (decimal 8593)
   defining Unicode char U+2192 (decimal 8594)
   defining Unicode char U+2193 (decimal 8595)
   defining Unicode char U+2329 (decimal 9001)
   defining Unicode char U+232A (decimal 9002)
   defining Unicode char U+2422 (decimal 9250)
   defining Unicode char U+25E6 (decimal 9702)
   defining Unicode char U+25EF (decimal 9711)
   defining Unicode char U+266A (decimal 9834)
)
("C:\Users\Jonas\AppData\Local\Programs\MiKTeX 2.9\tex\latex\beamer\base\transl
ator\dicts\translator-basic-dictionary\translator-basic-dictionary-English.dict
"
Dictionary: translator-basic-dictionary, Language: English 
)
("C:\Users\Jonas\AppData\Local\Programs\MiKTeX 2.9\tex\latex\siunitx\siunitx-ab
breviations.cfg"
File: siunitx-abbreviations.cfg 2016/09/02 v2.6s siunitx: Abbreviated units
) ABD: EveryShipout initializing macros
\AtBeginShipoutBox=\box67
Package hyperref Info: Link coloring OFF on input line 199.

("C:\Users\Jonas\AppData\Local\Programs\MiKTeX 2.9\tex\latex\hyperref\nameref.s
ty"
Package: nameref 2016/05/21 v2.44 Cross-referencing by name of section

("C:\Users\Jonas\AppData\Local\Programs\MiKTeX 2.9\tex\generic\oberdiek\gettitl
estring.sty"
Package: gettitlestring 2016/05/16 v1.5 Cleanup title references (HO)
)
\c@section@level=\count282
)
LaTeX Info: Redefining \ref on input line 199.
LaTeX Info: Redefining \pageref on input line 199.
LaTeX Info: Redefining \nameref on input line 199.
 (dukumentation.out) (dukumentation.out)
\@outlinefile=\write4
\openout4 = `dukumentation.out'.

\c__siunitx_mathsf_int=\count283

("C:\Users\Jonas\AppData\Local\Programs\MiKTeX 2.9\tex\latex\microtype\mt-cmr.c
fg"
File: mt-cmr.cfg 2013/05/19 v2.2 microtype config. file: Computer Modern Roman 
(RS)
)
LaTeX Font Info:    Try loading font information for U+msa on input line 199.

("C:\Users\Jonas\AppData\Local\Programs\MiKTeX 2.9\tex\latex\amsfonts\umsa.fd"
File: umsa.fd 2013/01/14 v3.01 AMS symbols A
)
("C:\Users\Jonas\AppData\Local\Programs\MiKTeX 2.9\tex\latex\microtype\mt-msa.c
fg"
File: mt-msa.cfg 2006/02/04 v1.1 microtype config. file: AMS symbols (a) (RS)
)
LaTeX Font Info:    Try loading font information for U+msb on input line 199.

("C:\Users\Jonas\AppData\Local\Programs\MiKTeX 2.9\tex\latex\amsfonts\umsb.fd"
File: umsb.fd 2013/01/14 v3.01 AMS symbols B
)
("C:\Users\Jonas\AppData\Local\Programs\MiKTeX 2.9\tex\latex\microtype\mt-msb.c
fg"
File: mt-msb.cfg 2005/06/01 v1.0 microtype config. file: AMS symbols (b) (RS)
)
Package microtype Info: Loading generic settings for font family
(microtype)             `cmss' (encoding: OT1).
(microtype)             For optimal results, create family-specific settings.
(microtype)             See the microtype manual for details.
\c__siunitx_mathtt_int=\count284
Package microtype Info: Loading generic settings for font family
(microtype)             `cmtt' (encoding: OT1).
(microtype)             For optimal results, create family-specific settings.
(microtype)             See the microtype manual for details.
LaTeX Font Info:    Font shape `T1/phv/bx/n' in size <8> not available
(Font)              Font shape `T1/phv/b/n' tried instead on input line 222.
LaTeX Font Info:    Font shape `T1/phv/bx/n' in size <20.74> not available
(Font)              Font shape `T1/phv/b/n' tried instead on input line 229.
LaTeX Font Info:    Font shape `T1/phv/bx/n' in size <14.4> not available
(Font)              Font shape `T1/phv/b/n' tried instead on input line 229.
Package babel Info: Redefining ngerman shorthand "|
(babel)             in language  on input line 245.
Package babel Info: Redefining ngerman shorthand "~
(babel)             in language  on input line 245.
Package babel Info: Redefining ngerman shorthand "|
(babel)             in language  on input line 245.
Package babel Info: Redefining ngerman shorthand "~
(babel)             in language  on input line 245.
 [1



{C:/Users/Jonas/AppData/Local/MiKTeX/2.9/pdftex/config/pdftex.map}]
LaTeX Font Info:    Try loading font information for OMS+phv on input line 255.


("C:\Users\Jonas\AppData\Local\Programs\MiKTeX 2.9\tex\latex\psnfss\omsphv.fd"
File: omsphv.fd 
)
LaTeX Font Info:    Font shape `OMS/phv/m/n' in size <9> not available
(Font)              Font shape `OMS/cmsy/m/n' tried instead on input line 255.
LaTeX Font Info:    Try loading font information for T1+pcr on input line 261.
("C:\Users\Jonas\AppData\Local\Programs\MiKTeX 2.9\tex\latex\psnfss\t1pcr.fd"
File: t1pcr.fd 2001/06/04 font definitions for T1/pcr.
)
Package microtype Info: Loading generic settings for font family
(microtype)             `pcr' (encoding: T1).
(microtype)             For optimal results, create family-specific settings.
(microtype)             See the microtype manual for details.
Package babel Info: Redefining ngerman shorthand "|
(babel)             in language  on input line 269.
Package babel Info: Redefining ngerman shorthand "~
(babel)             in language  on input line 269.
Package babel Info: Redefining ngerman shorthand "|
(babel)             in language  on input line 269.
Package babel Info: Redefining ngerman shorthand "~
(babel)             in language  on input line 269.

[2

]
LaTeX Font Info:    Font shape `T1/phv/bx/n' in size <10> not available
(Font)              Font shape `T1/phv/b/n' tried instead on input line 269.
LaTeX Font Info:    Font shape `T1/phv/bx/n' in size <17.28> not available
(Font)              Font shape `T1/phv/b/n' tried instead on input line 269.
Package tocbasic Info: character protrusion at toc deactivated on input line 26
9.
 (dukumentation.toc)
\tf@toc=\write5
\openout5 = `dukumentation.toc'.

Package babel Info: Redefining ngerman shorthand "|
(babel)             in language  on input line 275.
Package babel Info: Redefining ngerman shorthand "~
(babel)             in language  on input line 275.
Package babel Info: Redefining ngerman shorthand "|
(babel)             in language  on input line 275.
Package babel Info: Redefining ngerman shorthand "~
(babel)             in language  on input line 275.
 [3


]
Package babel Info: Redefining ngerman shorthand "|
(babel)             in language  on input line 275.
Package babel Info: Redefining ngerman shorthand "~
(babel)             in language  on input line 275.
Package babel Info: Redefining ngerman shorthand "|
(babel)             in language  on input line 275.
Package babel Info: Redefining ngerman shorthand "~
(babel)             in language  on input line 275.
 [4


] (chapters/chapter1.tex
chapter 1.
Package babel Info: Redefining ngerman shorthand "|
(babel)             in language  on input line 1.
Package babel Info: Redefining ngerman shorthand "~
(babel)             in language  on input line 1.
Package babel Info: Redefining ngerman shorthand "|
(babel)             in language  on input line 3.
Package babel Info: Redefining ngerman shorthand "~
(babel)             in language  on input line 3.

Underfull \hbox (badness 10000) in paragraph at lines 5--6

 []

LaTeX Font Info:    Font shape `T1/phv/m/it' in size <10> not available
(Font)              Font shape `T1/phv/m/sl' tried instead on input line 7.
Package hyperref Info: bookmark level for unknown defi defaults to 0 on input l
ine 7.
)
Package babel Info: Redefining ngerman shorthand "|
(babel)             in language  on input line 292.
Package babel Info: Redefining ngerman shorthand "~
(babel)             in language  on input line 292.
Package babel Info: Redefining ngerman shorthand "|
(babel)             in language  on input line 292.
Package babel Info: Redefining ngerman shorthand "~
(babel)             in language  on input line 292.
 [1


]
Package babel Info: Redefining ngerman shorthand "|
(babel)             in language  on input line 292.
Package babel Info: Redefining ngerman shorthand "~
(babel)             in language  on input line 292.
Package babel Info: Redefining ngerman shorthand "|
(babel)             in language  on input line 292.
Package babel Info: Redefining ngerman shorthand "~
(babel)             in language  on input line 292.
 [2


]
Package tocbasic Info: character protrusion at lof deactivated on input line 29
4.
 (dukumentation.lof)
\tf@lof=\write6
\openout6 = `dukumentation.lof'.

 (dukumentation.bbl
Package babel Info: Redefining ngerman shorthand "|
(babel)             in language  on input line 1.
Package babel Info: Redefining ngerman shorthand "~
(babel)             in language  on input line 1.
Package babel Info: Redefining ngerman shorthand "|
(babel)             in language  on input line 1.
Package babel Info: Redefining ngerman shorthand "~
(babel)             in language  on input line 1.
 [3


]
Package babel Info: Redefining ngerman shorthand "|
(babel)             in language  on input line 1.
Package babel Info: Redefining ngerman shorthand "~
(babel)             in language  on input line 1.
Package babel Info: Redefining ngerman shorthand "|
(babel)             in language  on input line 1.
Package babel Info: Redefining ngerman shorthand "~
(babel)             in language  on input line 1.
 [4


]
chapter without number
Package babel Info: Redefining ngerman shorthand "|
(babel)             in language  on input line 1.
Package babel Info: Redefining ngerman shorthand "~
(babel)             in language  on input line 1.

Package natbib Warning: Empty `thebibliography' environment on input line 10.

)
Package babel Info: Redefining ngerman shorthand "|
(babel)             in language  on input line 305.
Package babel Info: Redefining ngerman shorthand "~
(babel)             in language  on input line 305.
Package babel Info: Redefining ngerman shorthand "|
(babel)             in language  on input line 305.
Package babel Info: Redefining ngerman shorthand "~
(babel)             in language  on input line 305.
 [5]
Package babel Info: Redefining ngerman shorthand "|
(babel)             in language  on input line 305.
Package babel Info: Redefining ngerman shorthand "~
(babel)             in language  on input line 305.
Package babel Info: Redefining ngerman shorthand "|
(babel)             in language  on input line 305.
Package babel Info: Redefining ngerman shorthand "~
(babel)             in language  on input line 305.
 [6


]
\tf@thm=\write7
\openout7 = `dukumentation.thm'.

Package babel Info: Redefining ngerman shorthand "|
(babel)             in language  on input line 317.
Package babel Info: Redefining ngerman shorthand "~
(babel)             in language  on input line 317.
Package babel Info: Redefining ngerman shorthand "|
(babel)             in language  on input line 317.
Package babel Info: Redefining ngerman shorthand "~
(babel)             in language  on input line 317.
 [7]
Package atveryend Info: Empty hook `BeforeClearDocument' on input line 317.
Package atveryend Info: Empty hook `AfterLastShipout' on input line 317.
 (dukumentation.aux)
Package atveryend Info: Executing hook `AtVeryEndDocument' on input line 317.
Package atveryend Info: Executing hook `AtEndAfterFileList' on input line 317.
Package rerunfilecheck Info: File `dukumentation.out' has not changed.
(rerunfilecheck)             Checksum: F3C51929DB54EABA212D361992A1C953;175.
 ) 
Here is how much of TeX's memory you used:
 35161 strings out of 493366
 685612 string characters out of 3130930
 835330 words of memory out of 3000000
 38086 multiletter control sequences out of 15000+200000
 47512 words of font info for 98 fonts, out of 3000000 for 9000
 1128 hyphenation exceptions out of 8191
 73i,10n,97p,10450b,858s stack positions out of 5000i,500n,10000p,200000b,50000s
{C:/Users/Jonas/AppData/Local/Programs/MiKTeX 2.9/fonts/enc/dvips/base/8r.enc
}<C:/Users/Jonas/AppData/Local/Programs/MiKTeX 2.9/fonts/type1/public/amsfonts/
cm/cmmi10.pfb><C:/Users/Jonas/AppData/Local/Programs/MiKTeX 2.9/fonts/type1/pub
lic/amsfonts/cm/cmmi9.pfb><C:/Users/Jonas/AppData/Local/Programs/MiKTeX 2.9/fon
ts/type1/public/amsfonts/cm/cmr10.pfb><C:/Users/Jonas/AppData/Local/Programs/Mi
KTeX 2.9/fonts/type1/public/amsfonts/cm/cmss10.pfb><C:/Users/Jonas/AppData/Loca
l/Programs/MiKTeX 2.9/fonts/type1/public/amsfonts/cm/cmss8.pfb><C:/Users/Jonas/
AppData/Local/Programs/MiKTeX 2.9/fonts/type1/public/amsfonts/cm/cmsy9.pfb><C:/
Users/Jonas/AppData/Local/Programs/MiKTeX 2.9/fonts/type1/urw/courier/ucrr8a.pf
b><C:/Users/Jonas/AppData/Local/Programs/MiKTeX 2.9/fonts/type1/urw/helvetic/uh
vb8a.pfb><C:/Users/Jonas/AppData/Local/Programs/MiKTeX 2.9/fonts/type1/urw/helv
etic/uhvr8a.pfb><C:/Users/Jonas/AppData/Local/Programs/MiKTeX 2.9/fonts/type1/u
rw/helvetic/uhvro8a.pfb>
Output written on dukumentation.pdf (11 pages, 100701 bytes).
PDF statistics:
 120 PDF objects out of 1000 (max. 8388607)
 18 named destinations out of 1000 (max. 500000)
 30245 words of extra memory for PDF output out of 35830 (max. 10000000)

